Looking for git in: git
Using git 1.9.1 from git
> git rev-parse --git-dir
Open repository: /home/vagrant/holbertonschool-low_level_programming
> git status -z -u
> git symbolic-ref --short HEAD
> git rev-parse master
> git rev-parse --symbolic-full-name master@{u}
> git rev-list --left-right master...refs/remotes/origin/master
> git for-each-ref --sort -committerdate --format %(refname) %(objectname)
> git remote --verbose
> git config --get commit.template
> git show --textconv :0x05-pointers_arrays_strings/1-swap.c
> git ls-files --stage -- /home/vagrant/holbertonschool-low_level_programming/0x05-pointers_arrays_strings/1-swap.c
> git check-ignore -v -z --stdin
> git cat-file -s 85c0f09e5d3613a876e6d625db1f0a97b20c2dfa
> git check-ignore -v -z --stdin
> git status -z -u
> git symbolic-ref --short HEAD
> git rev-parse master
> git rev-parse --symbolic-full-name master@{u}
> git rev-list --left-right master...refs/remotes/origin/master
> git for-each-ref --sort -committerdate --format %(refname) %(objectname)
> git remote --verbose
> git config --get commit.template
> git status -z -u
> git symbolic-ref --short HEAD
> git rev-parse master
> git rev-parse --symbolic-full-name master@{u}
> git rev-list --left-right master...refs/remotes/origin/master
> git for-each-ref --sort -committerdate --format %(refname) %(objectname)
> git remote --verbose
> git config --get commit.template
> git ls-files --stage -- /home/vagrant/holbertonschool-low_level_programming/0x05-pointers_arrays_strings/1-swap.c
> git cat-file -s 4629dd021af3b20129388a32748d26d345169c87
> git show --textconv :0x05-pointers_arrays_strings/1-swap.c
> git status -z -u
> git symbolic-ref --short HEAD
> git rev-parse master
> git rev-parse --symbolic-full-name master@{u}
> git rev-list --left-right master...refs/remotes/origin/master
> git for-each-ref --sort -committerdate --format %(refname) %(objectname)
> git remote --verbose
> git config --get commit.template
> git show --textconv :0x05-pointers_arrays_strings/2-strlen.c
> git ls-files --stage -- /home/vagrant/holbertonschool-low_level_programming/0x05-pointers_arrays_strings/2-strlen.c
> git cat-file -s 27f9d0d42722dc88e7f7d9763f7600223a4a7fb6
> git status -z -u
> git symbolic-ref --short HEAD
> git rev-parse master
> git rev-parse --symbolic-full-name master@{u}
> git rev-list --left-right master...refs/remotes/origin/master
> git for-each-ref --sort -committerdate --format %(refname) %(objectname)
> git remote --verbose
> git config --get commit.template
> git ls-files --stage -- /home/vagrant/holbertonschool-low_level_programming/0x05-pointers_arrays_strings/2-strlen.c
> git cat-file -s 27f9d0d42722dc88e7f7d9763f7600223a4a7fb6
> git show --textconv :0x05-pointers_arrays_strings/2-strlen.c
> git status -z -u
> git symbolic-ref --short HEAD
> git rev-parse master
> git rev-parse --symbolic-full-name master@{u}
> git rev-list --left-right master...refs/remotes/origin/master
> git for-each-ref --sort -committerdate --format %(refname) %(objectname)
> git remote --verbose
> git config --get commit.template
> git status -z -u
> git symbolic-ref --short HEAD
> git rev-parse master
> git rev-parse --symbolic-full-name master@{u}
> git rev-list --left-right master...refs/remotes/origin/master
> git for-each-ref --sort -committerdate --format %(refname) %(objectname)
> git remote --verbose
> git config --get commit.template
> git ls-files --stage -- /home/vagrant/holbertonschool-low_level_programming/0x05-pointers_arrays_strings/2-strlen.c
> git cat-file -s 27f9d0d42722dc88e7f7d9763f7600223a4a7fb6
> git show --textconv :0x05-pointers_arrays_strings/2-strlen.c
> git status -z -u
> git symbolic-ref --short HEAD
> git rev-parse master
> git rev-parse --symbolic-full-name master@{u}
> git rev-list --left-right master...refs/remotes/origin/master
> git for-each-ref --sort -committerdate --format %(refname) %(objectname)
> git remote --verbose
> git config --get commit.template
> git show --textconv :0x05-pointers_arrays_strings/3-puts.c
> git ls-files --stage -- /home/vagrant/holbertonschool-low_level_programming/0x05-pointers_arrays_strings/3-puts.c
> git cat-file -s aed160dd95a88ef6b7085c28af3f425f4c13bc9a
> git show --textconv :0x05-pointers_arrays_strings/2-strlen.c
> git ls-files --stage -- /home/vagrant/holbertonschool-low_level_programming/0x05-pointers_arrays_strings/2-strlen.c
> git cat-file -s 27f9d0d42722dc88e7f7d9763f7600223a4a7fb6
> git show --textconv :0x05-pointers_arrays_strings/6-puts2.c
> git ls-files --stage -- /home/vagrant/holbertonschool-low_level_programming/0x05-pointers_arrays_strings/6-puts2.c
> git cat-file -s f39a1a001488ca4ebdea2075f8ef3c24a765827c
> git show --textconv :0x05-pointers_arrays_strings/2-strlen.c
> git ls-files --stage -- /home/vagrant/holbertonschool-low_level_programming/0x05-pointers_arrays_strings/2-strlen.c
> git cat-file -s 27f9d0d42722dc88e7f7d9763f7600223a4a7fb6
> git show --textconv :0x05-pointers_arrays_strings/0-reset_to_98.c
> git ls-files --stage -- /home/vagrant/holbertonschool-low_level_programming/0x05-pointers_arrays_strings/0-reset_to_98.c
> git cat-file -s 6bfcacb3e1be829b04d67b3f71a1d4a536053c72
> git status -z -u
> git symbolic-ref --short HEAD
> git rev-parse master
> git rev-parse --symbolic-full-name master@{u}
> git rev-list --left-right master...refs/remotes/origin/master
> git for-each-ref --sort -committerdate --format %(refname) %(objectname)
> git remote --verbose
> git config --get commit.template
> git show --textconv :0x05-pointers_arrays_strings/holberton.h
> git ls-files --stage -- /home/vagrant/holbertonschool-low_level_programming/0x05-pointers_arrays_strings/holberton.h
> git cat-file -s de1cdd0b37298be27c2fb1223b9eab905d845a99
> git show --textconv :0x05-pointers_arrays_strings/6-puts2.c
> git ls-files --stage -- /home/vagrant/holbertonschool-low_level_programming/0x05-pointers_arrays_strings/6-puts2.c
> git cat-file -s f39a1a001488ca4ebdea2075f8ef3c24a765827c
> git show --textconv :0x05-pointers_arrays_strings/1-swap.c
> git ls-files --stage -- /home/vagrant/holbertonschool-low_level_programming/0x05-pointers_arrays_strings/1-swap.c
> git cat-file -s 4629dd021af3b20129388a32748d26d345169c87
> git show --textconv :0x05-pointers_arrays_strings/2-strlen.c
> git ls-files --stage -- /home/vagrant/holbertonschool-low_level_programming/0x05-pointers_arrays_strings/2-strlen.c
> git cat-file -s 27f9d0d42722dc88e7f7d9763f7600223a4a7fb6
> git show --textconv :0x05-pointers_arrays_strings/1-swap.c
> git ls-files --stage -- /home/vagrant/holbertonschool-low_level_programming/0x05-pointers_arrays_strings/1-swap.c
> git cat-file -s 4629dd021af3b20129388a32748d26d345169c87
> git show --textconv :0x05-pointers_arrays_strings/2-strlen.c
> git ls-files --stage -- /home/vagrant/holbertonschool-low_level_programming/0x05-pointers_arrays_strings/2-strlen.c
> git cat-file -s 27f9d0d42722dc88e7f7d9763f7600223a4a7fb6
> git show --textconv :0x05-pointers_arrays_strings/6-puts2.c
> git ls-files --stage -- /home/vagrant/holbertonschool-low_level_programming/0x05-pointers_arrays_strings/6-puts2.c
> git cat-file -s f39a1a001488ca4ebdea2075f8ef3c24a765827c
> git status -z -u
> git symbolic-ref --short HEAD
> git rev-parse master
> git rev-parse --symbolic-full-name master@{u}
> git rev-list --left-right master...refs/remotes/origin/master
> git for-each-ref --sort -committerdate --format %(refname) %(objectname)
> git remote --verbose
> git config --get commit.template
> git status -z -u
> git symbolic-ref --short HEAD
> git rev-parse master
> git rev-parse --symbolic-full-name master@{u}
> git rev-list --left-right master...refs/remotes/origin/master
> git for-each-ref --sort -committerdate --format %(refname) %(objectname)
> git remote --verbose
> git config --get commit.template
> git status -z -u
> git symbolic-ref --short HEAD
> git rev-parse master
> git rev-parse --symbolic-full-name master@{u}
> git rev-list --left-right master...refs/remotes/origin/master
> git for-each-ref --sort -committerdate --format %(refname) %(objectname)
> git remote --verbose
> git config --get commit.template
> git ls-files --stage -- /home/vagrant/holbertonschool-low_level_programming/0x05-pointers_arrays_strings/6-puts2.c
> git cat-file -s e506d74d5d80f4e45d631d0cd9983d34e6e14206
> git show --textconv :0x05-pointers_arrays_strings/6-puts2.c
> git status -z -u
> git symbolic-ref --short HEAD
> git rev-parse master
> git rev-parse --symbolic-full-name master@{u}
> git rev-list --left-right master...refs/remotes/origin/master
> git for-each-ref --sort -committerdate --format %(refname) %(objectname)
> git remote --verbose
> git config --get commit.template
> git status -z -u
> git symbolic-ref --short HEAD
> git rev-parse master
> git rev-parse --symbolic-full-name master@{u}
> git rev-list --left-right master...refs/remotes/origin/master
> git for-each-ref --sort -committerdate --format %(refname) %(objectname)
> git remote --verbose
> git config --get commit.template
> git ls-files --stage -- /home/vagrant/holbertonschool-low_level_programming/0x05-pointers_arrays_strings/6-puts2.c
> git cat-file -s e506d74d5d80f4e45d631d0cd9983d34e6e14206
> git show --textconv :0x05-pointers_arrays_strings/6-puts2.c
> git status -z -u
> git symbolic-ref --short HEAD
> git rev-parse master
> git rev-parse --symbolic-full-name master@{u}
> git rev-list --left-right master...refs/remotes/origin/master
> git for-each-ref --sort -committerdate --format %(refname) %(objectname)
> git remote --verbose
> git config --get commit.template
> git ls-files --stage -- /home/vagrant/holbertonschool-low_level_programming/0x05-pointers_arrays_strings/6-puts2.c
> git cat-file -s e506d74d5d80f4e45d631d0cd9983d34e6e14206
> git show --textconv :0x05-pointers_arrays_strings/6-puts2.c
> git status -z -u
> git symbolic-ref --short HEAD
> git rev-parse master
> git rev-parse --symbolic-full-name master@{u}
> git rev-list --left-right master...refs/remotes/origin/master
> git for-each-ref --sort -committerdate --format %(refname) %(objectname)
> git remote --verbose
> git config --get commit.template
> git show --textconv :0x05-pointers_arrays_strings/3-puts.c
> git ls-files --stage -- /home/vagrant/holbertonschool-low_level_programming/0x05-pointers_arrays_strings/3-puts.c
> git cat-file -s aed160dd95a88ef6b7085c28af3f425f4c13bc9a
> git show --textconv :0x05-pointers_arrays_strings/6-puts2.c
> git ls-files --stage -- /home/vagrant/holbertonschool-low_level_programming/0x05-pointers_arrays_strings/6-puts2.c
> git cat-file -s e506d74d5d80f4e45d631d0cd9983d34e6e14206
> git status -z -u
> git symbolic-ref --short HEAD
> git rev-parse master
> git rev-parse --symbolic-full-name master@{u}
> git rev-list --left-right master...refs/remotes/origin/master
> git for-each-ref --sort -committerdate --format %(refname) %(objectname)
> git remote --verbose
> git config --get commit.template
> git status -z -u
> git symbolic-ref --short HEAD
> git rev-parse master
> git rev-parse --symbolic-full-name master@{u}
> git rev-list --left-right master...refs/remotes/origin/master
> git for-each-ref --sort -committerdate --format %(refname) %(objectname)
> git remote --verbose
> git config --get commit.template
> git status -z -u
> git symbolic-ref --short HEAD
> git rev-parse master
> git rev-parse --symbolic-full-name master@{u}
> git rev-list --left-right master...refs/remotes/origin/master
> git for-each-ref --sort -committerdate --format %(refname) %(objectname)
> git remote --verbose
> git config --get commit.template
> git status -z -u
> git symbolic-ref --short HEAD
> git rev-parse master
> git rev-parse --symbolic-full-name master@{u}
> git rev-list --left-right master...refs/remotes/origin/master
> git for-each-ref --sort -committerdate --format %(refname) %(objectname)
> git remote --verbose
> git config --get commit.template
> git status -z -u
> git symbolic-ref --short HEAD
> git rev-parse master
> git rev-parse --symbolic-full-name master@{u}
> git rev-list --left-right master...refs/remotes/origin/master
> git for-each-ref --sort -committerdate --format %(refname) %(objectname)
> git remote --verbose
> git config --get commit.template
> git ls-files --stage -- /home/vagrant/holbertonschool-low_level_programming/0x05-pointers_arrays_strings/6-puts2.c
> git cat-file -s c9d03d08141857068341184c3ef352a73ac993c4
> git show --textconv :0x05-pointers_arrays_strings/6-puts2.c
> git status -z -u
> git symbolic-ref --short HEAD
> git rev-parse master
> git rev-parse --symbolic-full-name master@{u}
> git rev-list --left-right master...refs/remotes/origin/master
> git for-each-ref --sort -committerdate --format %(refname) %(objectname)
> git remote --verbose
> git config --get commit.template
> git status -z -u
> git symbolic-ref --short HEAD
> git rev-parse master
> git rev-parse --symbolic-full-name master@{u}
> git rev-list --left-right master...refs/remotes/origin/master
> git for-each-ref --sort -committerdate --format %(refname) %(objectname)
> git remote --verbose
> git config --get commit.template
> git ls-files --stage -- /home/vagrant/holbertonschool-low_level_programming/0x05-pointers_arrays_strings/6-puts2.c
> git cat-file -s c9d03d08141857068341184c3ef352a73ac993c4
> git show --textconv :0x05-pointers_arrays_strings/6-puts2.c
> git status -z -u
> git symbolic-ref --short HEAD
> git rev-parse master
> git rev-parse --symbolic-full-name master@{u}
> git rev-list --left-right master...refs/remotes/origin/master
> git for-each-ref --sort -committerdate --format %(refname) %(objectname)
> git remote --verbose
> git config --get commit.template
> git ls-files --stage -- /home/vagrant/holbertonschool-low_level_programming/0x05-pointers_arrays_strings/6-puts2.c
> git cat-file -s c9d03d08141857068341184c3ef352a73ac993c4
> git show --textconv :0x05-pointers_arrays_strings/6-puts2.c
> git status -z -u
> git symbolic-ref --short HEAD
> git rev-parse master
> git rev-parse --symbolic-full-name master@{u}
> git rev-list --left-right master...refs/remotes/origin/master
> git for-each-ref --sort -committerdate --format %(refname) %(objectname)
> git remote --verbose
> git config --get commit.template
> git show --textconv :0x05-pointers_arrays_strings/3-puts.c
> git ls-files --stage -- /home/vagrant/holbertonschool-low_level_programming/0x05-pointers_arrays_strings/3-puts.c
> git cat-file -s aed160dd95a88ef6b7085c28af3f425f4c13bc9a
> git show --textconv :0x05-pointers_arrays_strings/holberton.h
> git ls-files --stage -- /home/vagrant/holbertonschool-low_level_programming/0x05-pointers_arrays_strings/holberton.h
> git cat-file -s de1cdd0b37298be27c2fb1223b9eab905d845a99
> git status -z -u
> git symbolic-ref --short HEAD
> git rev-parse master
> git rev-parse --symbolic-full-name master@{u}
> git rev-list --left-right master...refs/remotes/origin/master
> git for-each-ref --sort -committerdate --format %(refname) %(objectname)
> git remote --verbose
> git config --get commit.template
> git show --textconv :0x05-pointers_arrays_strings/7-puts_half.c
> git ls-files --stage -- /home/vagrant/holbertonschool-low_level_programming/0x05-pointers_arrays_strings/7-puts_half.c
> git cat-file -s e69de29bb2d1d6434b8b29ae775ad8c2e48c5391
> git show --textconv :0x05-pointers_arrays_strings/6-puts2.c
> git ls-files --stage -- /home/vagrant/holbertonschool-low_level_programming/0x05-pointers_arrays_strings/6-puts2.c
> git cat-file -s c9d03d08141857068341184c3ef352a73ac993c4
> git show --textconv :0x05-pointers_arrays_strings/7-puts_half.c
> git ls-files --stage -- /home/vagrant/holbertonschool-low_level_programming/0x05-pointers_arrays_strings/7-puts_half.c
> git cat-file -s e69de29bb2d1d6434b8b29ae775ad8c2e48c5391
> git show --textconv :0x05-pointers_arrays_strings/holberton.h
> git ls-files --stage -- /home/vagrant/holbertonschool-low_level_programming/0x05-pointers_arrays_strings/holberton.h
> git cat-file -s de1cdd0b37298be27c2fb1223b9eab905d845a99
> git status -z -u
> git symbolic-ref --short HEAD
> git rev-parse master
> git rev-parse --symbolic-full-name master@{u}
> git rev-list --left-right master...refs/remotes/origin/master
> git for-each-ref --sort -committerdate --format %(refname) %(objectname)
> git remote --verbose
> git config --get commit.template
> git show --textconv :0x05-pointers_arrays_strings/7-puts_half.c
> git ls-files --stage -- /home/vagrant/holbertonschool-low_level_programming/0x05-pointers_arrays_strings/7-puts_half.c
> git cat-file -s e69de29bb2d1d6434b8b29ae775ad8c2e48c5391
> git show --textconv :0x05-pointers_arrays_strings/6-puts2.c
> git ls-files --stage -- /home/vagrant/holbertonschool-low_level_programming/0x05-pointers_arrays_strings/6-puts2.c
> git cat-file -s c9d03d08141857068341184c3ef352a73ac993c4
> git show --textconv :0x05-pointers_arrays_strings/7-puts_half.c
> git ls-files --stage -- /home/vagrant/holbertonschool-low_level_programming/0x05-pointers_arrays_strings/7-puts_half.c
> git cat-file -s e69de29bb2d1d6434b8b29ae775ad8c2e48c5391
> git status -z -u
> git symbolic-ref --short HEAD
> git rev-parse master
> git rev-parse --symbolic-full-name master@{u}
> git rev-list --left-right master...refs/remotes/origin/master
> git for-each-ref --sort -committerdate --format %(refname) %(objectname)
> git remote --verbose
> git config --get commit.template
> git check-ignore -v -z --stdin
> git show --textconv :0x05-pointers_arrays_strings/3-puts.c
> git ls-files --stage -- /home/vagrant/holbertonschool-low_level_programming/0x05-pointers_arrays_strings/3-puts.c
> git cat-file -s aed160dd95a88ef6b7085c28af3f425f4c13bc9a
> git show --textconv :0x05-pointers_arrays_strings/2-strlen.c
> git ls-files --stage -- /home/vagrant/holbertonschool-low_level_programming/0x05-pointers_arrays_strings/2-strlen.c
> git cat-file -s 27f9d0d42722dc88e7f7d9763f7600223a4a7fb6
> git show --textconv :0x05-pointers_arrays_strings/3-puts.c
> git ls-files --stage -- /home/vagrant/holbertonschool-low_level_programming/0x05-pointers_arrays_strings/3-puts.c
> git cat-file -s aed160dd95a88ef6b7085c28af3f425f4c13bc9a
> git show --textconv :0x05-pointers_arrays_strings/7-puts_half.c
> git ls-files --stage -- /home/vagrant/holbertonschool-low_level_programming/0x05-pointers_arrays_strings/7-puts_half.c
> git cat-file -s e69de29bb2d1d6434b8b29ae775ad8c2e48c5391
> git log --format=%H%n%aN%n%aE%n%at%n%ct%n%P%n%B -z -n21 -- /home/vagrant/holbertonschool-low_level_programming/0x05-pointers_arrays_strings/7-puts_half.c
> git show --textconv :0x05-pointers_arrays_strings/3-puts.c
> git ls-files --stage -- /home/vagrant/holbertonschool-low_level_programming/0x05-pointers_arrays_strings/3-puts.c
> git cat-file -s aed160dd95a88ef6b7085c28af3f425f4c13bc9a
> git show --textconv :0x05-pointers_arrays_strings/6-puts2.c
> git ls-files --stage -- /home/vagrant/holbertonschool-low_level_programming/0x05-pointers_arrays_strings/6-puts2.c
> git cat-file -s c9d03d08141857068341184c3ef352a73ac993c4
> git show --textconv :0x05-pointers_arrays_strings/7-puts_half.c
> git ls-files --stage -- /home/vagrant/holbertonschool-low_level_programming/0x05-pointers_arrays_strings/7-puts_half.c
> git cat-file -s e69de29bb2d1d6434b8b29ae775ad8c2e48c5391
> git show --textconv :0x05-pointers_arrays_strings/9-strcpy.c
> git ls-files --stage -- /home/vagrant/holbertonschool-low_level_programming/0x05-pointers_arrays_strings/9-strcpy.c
> git cat-file -s 2074325f87f0525d9e1f26c9ce2d1feb5e9b202f
> git show --textconv :0x05-pointers_arrays_strings/7-puts_half.c
> git ls-files --stage -- /home/vagrant/holbertonschool-low_level_programming/0x05-pointers_arrays_strings/7-puts_half.c
> git cat-file -s e69de29bb2d1d6434b8b29ae775ad8c2e48c5391
> git status -z -u
> git symbolic-ref --short HEAD
> git rev-parse master
> git rev-parse --symbolic-full-name master@{u}
> git rev-list --left-right master...refs/remotes/origin/master
> git for-each-ref --sort -committerdate --format %(refname) %(objectname)
> git remote --verbose
> git config --get commit.template
> git status -z -u
> git symbolic-ref --short HEAD
> git rev-parse master
> git rev-parse --symbolic-full-name master@{u}
> git rev-list --left-right master...refs/remotes/origin/master
> git for-each-ref --sort -committerdate --format %(refname) %(objectname)
> git remote --verbose
> git config --get commit.template
> git status -z -u
> git symbolic-ref --short HEAD
> git rev-parse master
> git rev-parse --symbolic-full-name master@{u}
> git rev-list --left-right master...refs/remotes/origin/master
> git for-each-ref --sort -committerdate --format %(refname) %(objectname)
> git remote --verbose
> git config --get commit.template
> git status -z -u
> git symbolic-ref --short HEAD
> git rev-parse master
> git rev-parse --symbolic-full-name master@{u}
> git rev-list --left-right master...refs/remotes/origin/master
> git for-each-ref --sort -committerdate --format %(refname) %(objectname)
> git remote --verbose
> git config --get commit.template
> git check-ignore -v -z --stdin
> git status -z -u
> git symbolic-ref --short HEAD
> git rev-parse master
> git rev-parse --symbolic-full-name master@{u}
> git rev-list --left-right master...refs/remotes/origin/master
> git for-each-ref --sort -committerdate --format %(refname) %(objectname)
> git remote --verbose
> git config --get commit.template
> git ls-files --stage -- /home/vagrant/holbertonschool-low_level_programming/0x05-pointers_arrays_strings/7-puts_half.c
> git cat-file -s b1e2b28a0091285d613a1e83b22449fd8b41813d
> git show --textconv :0x05-pointers_arrays_strings/7-puts_half.c
> git status -z -u
> git symbolic-ref --short HEAD
> git rev-parse master
> git rev-parse --symbolic-full-name master@{u}
> git rev-list --left-right master...refs/remotes/origin/master
> git for-each-ref --sort -committerdate --format %(refname) %(objectname)
> git remote --verbose
> git config --get commit.template
> git status -z -u
> git symbolic-ref --short HEAD
> git rev-parse master
> git rev-parse --symbolic-full-name master@{u}
> git rev-list --left-right master...refs/remotes/origin/master
> git for-each-ref --sort -committerdate --format %(refname) %(objectname)
> git remote --verbose
> git config --get commit.template
> git ls-files --stage -- /home/vagrant/holbertonschool-low_level_programming/0x05-pointers_arrays_strings/7-puts_half.c
> git cat-file -s b1e2b28a0091285d613a1e83b22449fd8b41813d
> git show --textconv :0x05-pointers_arrays_strings/7-puts_half.c
> git status -z -u
> git symbolic-ref --short HEAD
> git rev-parse master
> git rev-parse --symbolic-full-name master@{u}
> git rev-list --left-right master...refs/remotes/origin/master
> git for-each-ref --sort -committerdate --format %(refname) %(objectname)
> git remote --verbose
> git config --get commit.template
> git ls-files --stage -- /home/vagrant/holbertonschool-low_level_programming/0x05-pointers_arrays_strings/7-puts_half.c
> git cat-file -s b1e2b28a0091285d613a1e83b22449fd8b41813d
> git show --textconv :0x05-pointers_arrays_strings/7-puts_half.c
> git status -z -u
> git symbolic-ref --short HEAD
> git rev-parse master
> git rev-parse --symbolic-full-name master@{u}
> git rev-list --left-right master...refs/remotes/origin/master
> git for-each-ref --sort -committerdate --format %(refname) %(objectname)
> git remote --verbose
> git config --get commit.template
> git show --textconv :0x05-pointers_arrays_strings/4-print_rev.c
> git ls-files --stage -- /home/vagrant/holbertonschool-low_level_programming/0x05-pointers_arrays_strings/4-print_rev.c
> git cat-file -s db1d2930b5881e032c3694cc0570964c85fae56f
> git show --textconv :0x05-pointers_arrays_strings/9-strcpy.c
> git ls-files --stage -- /home/vagrant/holbertonschool-low_level_programming/0x05-pointers_arrays_strings/9-strcpy.c
> git cat-file -s 2074325f87f0525d9e1f26c9ce2d1feb5e9b202f
> git show --textconv :0x05-pointers_arrays_strings/5-main.c
> git ls-files --stage -- /home/vagrant/holbertonschool-low_level_programming/0x05-pointers_arrays_strings/5-main.c
> git cat-file -s 41bdb7a5a410d14781de3af21bb784b969ff11ab
> git show --textconv :0x05-pointers_arrays_strings/4-print_rev.c
> git ls-files --stage -- /home/vagrant/holbertonschool-low_level_programming/0x05-pointers_arrays_strings/4-print_rev.c
> git cat-file -s db1d2930b5881e032c3694cc0570964c85fae56f
> git show --textconv :0x05-pointers_arrays_strings/9-main.c
> git ls-files --stage -- /home/vagrant/holbertonschool-low_level_programming/0x05-pointers_arrays_strings/9-main.c
> git cat-file -s a2260ff5736b8e8c65afb9c90c9f80b31b6518dc
> git show --textconv :0x05-pointers_arrays_strings/9-strcpy.c
> git ls-files --stage -- /home/vagrant/holbertonschool-low_level_programming/0x05-pointers_arrays_strings/9-strcpy.c
> git cat-file -s 2074325f87f0525d9e1f26c9ce2d1feb5e9b202f
> git status -z -u
> git symbolic-ref --short HEAD
> git rev-parse master
> git rev-parse --symbolic-full-name master@{u}
> git rev-list --left-right master...refs/remotes/origin/master
> git for-each-ref --sort -committerdate --format %(refname) %(objectname)
> git remote --verbose
> git config --get commit.template
> git status -z -u
> git symbolic-ref --short HEAD
> git rev-parse master
> git rev-parse --symbolic-full-name master@{u}
> git rev-list --left-right master...refs/remotes/origin/master
> git for-each-ref --sort -committerdate --format %(refname) %(objectname)
> git remote --verbose
> git config --get commit.template
> git status -z -u
> git symbolic-ref --short HEAD
> git rev-parse master
> git rev-parse --symbolic-full-name master@{u}
> git rev-list --left-right master...refs/remotes/origin/master
> git for-each-ref --sort -committerdate --format %(refname) %(objectname)
> git remote --verbose
> git config --get commit.template
> git show --textconv :0x05-pointers_arrays_strings/9-main.c
> git ls-files --stage -- /home/vagrant/holbertonschool-low_level_programming/0x05-pointers_arrays_strings/9-main.c
> git cat-file -s a2260ff5736b8e8c65afb9c90c9f80b31b6518dc
> git status -z -u
> git symbolic-ref --short HEAD
> git rev-parse master
> git rev-parse --symbolic-full-name master@{u}
> git rev-list --left-right master...refs/remotes/origin/master
> git for-each-ref --sort -committerdate --format %(refname) %(objectname)
> git remote --verbose
> git config --get commit.template
> git show --textconv :0x05-pointers_arrays_strings/9-strcpy.c
> git ls-files --stage -- /home/vagrant/holbertonschool-low_level_programming/0x05-pointers_arrays_strings/9-strcpy.c
> git cat-file -s 2074325f87f0525d9e1f26c9ce2d1feb5e9b202f
> git show --textconv :0x05-pointers_arrays_strings/9-main.c
> git ls-files --stage -- /home/vagrant/holbertonschool-low_level_programming/0x05-pointers_arrays_strings/9-main.c
> git cat-file -s a2260ff5736b8e8c65afb9c90c9f80b31b6518dc
> git show --textconv :0x05-pointers_arrays_strings/9-strcpy.c
> git ls-files --stage -- /home/vagrant/holbertonschool-low_level_programming/0x05-pointers_arrays_strings/9-strcpy.c
> git cat-file -s 2074325f87f0525d9e1f26c9ce2d1feb5e9b202f
> git status -z -u
> git symbolic-ref --short HEAD
> git rev-parse master
> git rev-parse --symbolic-full-name master@{u}
> git rev-list --left-right master...refs/remotes/origin/master
> git for-each-ref --sort -committerdate --format %(refname) %(objectname)
> git remote --verbose
> git config --get commit.template
> git status -z -u
> git symbolic-ref --short HEAD
> git rev-parse master
> git rev-parse --symbolic-full-name master@{u}
> git rev-list --left-right master...refs/remotes/origin/master
> git for-each-ref --sort -committerdate --format %(refname) %(objectname)
> git remote --verbose
> git config --get commit.template
> git status -z -u
> git symbolic-ref --short HEAD
> git rev-parse master
> git rev-parse --symbolic-full-name master@{u}
> git rev-list --left-right master...refs/remotes/origin/master
> git for-each-ref --sort -committerdate --format %(refname) %(objectname)
> git remote --verbose
> git config --get commit.template
> git status -z -u
> git symbolic-ref --short HEAD
> git rev-parse master
> git rev-parse --symbolic-full-name master@{u}
> git rev-list --left-right master...refs/remotes/origin/master
> git for-each-ref --sort -committerdate --format %(refname) %(objectname)
> git remote --verbose
> git config --get commit.template
> git status -z -u
> git symbolic-ref --short HEAD
> git rev-parse master
> git rev-parse --symbolic-full-name master@{u}
> git rev-list --left-right master...refs/remotes/origin/master
> git for-each-ref --sort -committerdate --format %(refname) %(objectname)
> git remote --verbose
> git config --get commit.template
> git status -z -u
> git symbolic-ref --short HEAD
> git rev-parse master
> git rev-parse --symbolic-full-name master@{u}
> git rev-list --left-right master...refs/remotes/origin/master
> git for-each-ref --sort -committerdate --format %(refname) %(objectname)
> git remote --verbose
> git config --get commit.template
> git status -z -u
> git symbolic-ref --short HEAD
> git rev-parse master
> git rev-parse --symbolic-full-name master@{u}
> git rev-list --left-right master...refs/remotes/origin/master
> git for-each-ref --sort -committerdate --format %(refname) %(objectname)
> git remote --verbose
> git config --get commit.template
> git status -z -u
> git symbolic-ref --short HEAD
> git rev-parse master
> git rev-parse --symbolic-full-name master@{u}
> git rev-list --left-right master...refs/remotes/origin/master
> git for-each-ref --sort -committerdate --format %(refname) %(objectname)
> git remote --verbose
> git config --get commit.template
> git status -z -u
> git symbolic-ref --short HEAD
> git rev-parse master
> git rev-parse --symbolic-full-name master@{u}
> git rev-list --left-right master...refs/remotes/origin/master
> git for-each-ref --sort -committerdate --format %(refname) %(objectname)
> git remote --verbose
> git config --get commit.template
> git status -z -u
> git symbolic-ref --short HEAD
> git rev-parse master
> git rev-parse --symbolic-full-name master@{u}
> git rev-list --left-right master...refs/remotes/origin/master
> git for-each-ref --sort -committerdate --format %(refname) %(objectname)
> git remote --verbose
> git config --get commit.template
> git show --textconv :0x05-pointers_arrays_strings/9-main.c
> git ls-files --stage -- /home/vagrant/holbertonschool-low_level_programming/0x05-pointers_arrays_strings/9-main.c
> git cat-file -s a2260ff5736b8e8c65afb9c90c9f80b31b6518dc
> git show --textconv :0x05-pointers_arrays_strings/9-strcpy.c
> git ls-files --stage -- /home/vagrant/holbertonschool-low_level_programming/0x05-pointers_arrays_strings/9-strcpy.c
> git cat-file -s 2074325f87f0525d9e1f26c9ce2d1feb5e9b202f
> git show --textconv :0x05-pointers_arrays_strings/9-main.c
> git ls-files --stage -- /home/vagrant/holbertonschool-low_level_programming/0x05-pointers_arrays_strings/9-main.c
> git cat-file -s a2260ff5736b8e8c65afb9c90c9f80b31b6518dc
> git show --textconv :0x05-pointers_arrays_strings/9-strcpy.c
> git ls-files --stage -- /home/vagrant/holbertonschool-low_level_programming/0x05-pointers_arrays_strings/9-strcpy.c
> git cat-file -s 2074325f87f0525d9e1f26c9ce2d1feb5e9b202f
> git show --textconv :0x05-pointers_arrays_strings/9-main.c
> git ls-files --stage -- /home/vagrant/holbertonschool-low_level_programming/0x05-pointers_arrays_strings/9-main.c
> git cat-file -s a2260ff5736b8e8c65afb9c90c9f80b31b6518dc
> git show --textconv :0x05-pointers_arrays_strings/9-strcpy.c
> git ls-files --stage -- /home/vagrant/holbertonschool-low_level_programming/0x05-pointers_arrays_strings/9-strcpy.c
> git cat-file -s 2074325f87f0525d9e1f26c9ce2d1feb5e9b202f
> git show --textconv :0x05-pointers_arrays_strings/9-main.c
> git ls-files --stage -- /home/vagrant/holbertonschool-low_level_programming/0x05-pointers_arrays_strings/9-main.c
> git cat-file -s a2260ff5736b8e8c65afb9c90c9f80b31b6518dc
> git show --textconv :0x05-pointers_arrays_strings/9-strcpy.c
> git ls-files --stage -- /home/vagrant/holbertonschool-low_level_programming/0x05-pointers_arrays_strings/9-strcpy.c
> git cat-file -s 2074325f87f0525d9e1f26c9ce2d1feb5e9b202f
> git show --textconv :0x05-pointers_arrays_strings/5-rev_string.c
> git ls-files --stage -- /home/vagrant/holbertonschool-low_level_programming/0x05-pointers_arrays_strings/5-rev_string.c
> git cat-file -s bb24eb133261c18286741c3d7ddfc34740974712
> git show --textconv :0x05-pointers_arrays_strings/9-strcpy.c
> git ls-files --stage -- /home/vagrant/holbertonschool-low_level_programming/0x05-pointers_arrays_strings/9-strcpy.c
> git cat-file -s 2074325f87f0525d9e1f26c9ce2d1feb5e9b202f
> git show --textconv :0x05-pointers_arrays_strings/9-main.c
> git ls-files --stage -- /home/vagrant/holbertonschool-low_level_programming/0x05-pointers_arrays_strings/9-main.c
> git cat-file -s a2260ff5736b8e8c65afb9c90c9f80b31b6518dc
> git show --textconv :0x05-pointers_arrays_strings/9-strcpy.c
> git ls-files --stage -- /home/vagrant/holbertonschool-low_level_programming/0x05-pointers_arrays_strings/9-strcpy.c
> git cat-file -s 2074325f87f0525d9e1f26c9ce2d1feb5e9b202f
> git status -z -u
> git symbolic-ref --short HEAD
> git rev-parse master
> git rev-parse --symbolic-full-name master@{u}
> git rev-list --left-right master...refs/remotes/origin/master
> git for-each-ref --sort -committerdate --format %(refname) %(objectname)
> git remote --verbose
> git config --get commit.template
> git status -z -u
> git symbolic-ref --short HEAD
> git rev-parse master
> git rev-parse --symbolic-full-name master@{u}
> git rev-list --left-right master...refs/remotes/origin/master
> git for-each-ref --sort -committerdate --format %(refname) %(objectname)
> git remote --verbose
> git config --get commit.template
> git status -z -u
> git symbolic-ref --short HEAD
> git rev-parse master
> git rev-parse --symbolic-full-name master@{u}
> git rev-list --left-right master...refs/remotes/origin/master
> git for-each-ref --sort -committerdate --format %(refname) %(objectname)
> git remote --verbose
> git config --get commit.template
> git status -z -u
> git symbolic-ref --short HEAD
> git rev-parse master
> git rev-parse --symbolic-full-name master@{u}
> git rev-list --left-right master...refs/remotes/origin/master
> git for-each-ref --sort -committerdate --format %(refname) %(objectname)
> git remote --verbose
> git config --get commit.template
> git status -z -u
> git symbolic-ref --short HEAD
> git rev-parse master
> git rev-parse --symbolic-full-name master@{u}
> git rev-list --left-right master...refs/remotes/origin/master
> git for-each-ref --sort -committerdate --format %(refname) %(objectname)
> git remote --verbose
> git config --get commit.template
> git ls-files --stage -- /home/vagrant/holbertonschool-low_level_programming/0x05-pointers_arrays_strings/9-strcpy.c
> git cat-file -s bc194482ee0c61544bb2122d90d9111fd12e5d50
> git show --textconv :0x05-pointers_arrays_strings/9-strcpy.c
> git status -z -u
> git symbolic-ref --short HEAD
> git rev-parse master
> git rev-parse --symbolic-full-name master@{u}
> git rev-list --left-right master...refs/remotes/origin/master
> git for-each-ref --sort -committerdate --format %(refname) %(objectname)
> git remote --verbose
> git config --get commit.template
> git ls-files --stage -- /home/vagrant/holbertonschool-low_level_programming/0x05-pointers_arrays_strings/9-strcpy.c
> git cat-file -s bc194482ee0c61544bb2122d90d9111fd12e5d50
> git show --textconv :0x05-pointers_arrays_strings/9-strcpy.c
> git status -z -u
> git symbolic-ref --short HEAD
> git rev-parse master
> git rev-parse --symbolic-full-name master@{u}
> git rev-list --left-right master...refs/remotes/origin/master
> git for-each-ref --sort -committerdate --format %(refname) %(objectname)
> git remote --verbose
> git config --get commit.template
> git status -z -u
> git symbolic-ref --short HEAD
> git rev-parse master
> git rev-parse --symbolic-full-name master@{u}
> git rev-list --left-right master...refs/remotes/origin/master
> git for-each-ref --sort -committerdate --format %(refname) %(objectname)
> git remote --verbose
> git config --get commit.template
> git ls-files --stage -- /home/vagrant/holbertonschool-low_level_programming/0x05-pointers_arrays_strings/9-strcpy.c
> git cat-file -s bc194482ee0c61544bb2122d90d9111fd12e5d50
> git show --textconv :0x05-pointers_arrays_strings/9-strcpy.c
> git status -z -u
> git symbolic-ref --short HEAD
> git rev-parse master
> git rev-parse --symbolic-full-name master@{u}
> git rev-list --left-right master...refs/remotes/origin/master
> git for-each-ref --sort -committerdate --format %(refname) %(objectname)
> git remote --verbose
> git config --get commit.template
> git show --textconv :0x05-pointers_arrays_strings/holberton.h
> git ls-files --stage -- /home/vagrant/holbertonschool-low_level_programming/0x05-pointers_arrays_strings/holberton.h
> git cat-file -s d2a47039bfb70d2fd46320d3ee8af12cb3cfd163
> git status -z -u
> git symbolic-ref --short HEAD
> git rev-parse master
> git rev-parse --symbolic-full-name master@{u}
> git rev-list --left-right master...refs/remotes/origin/master
> git for-each-ref --sort -committerdate --format %(refname) %(objectname)
> git remote --verbose
> git config --get commit.template
> git show --textconv :0x05-pointers_arrays_strings/8-print_array.c
> git ls-files --stage -- /home/vagrant/holbertonschool-low_level_programming/0x05-pointers_arrays_strings/8-print_array.c
> git cat-file -s e69de29bb2d1d6434b8b29ae775ad8c2e48c5391
> git show --textconv :0x05-pointers_arrays_strings/7-puts_half.c
> git ls-files --stage -- /home/vagrant/holbertonschool-low_level_programming/0x05-pointers_arrays_strings/7-puts_half.c
> git cat-file -s b1e2b28a0091285d613a1e83b22449fd8b41813d
> git show --textconv :0x05-pointers_arrays_strings/9-strcpy.c
> git ls-files --stage -- /home/vagrant/holbertonschool-low_level_programming/0x05-pointers_arrays_strings/9-strcpy.c
> git cat-file -s bc194482ee0c61544bb2122d90d9111fd12e5d50
> git show --textconv :0x05-pointers_arrays_strings/8-print_array.c
> git ls-files --stage -- /home/vagrant/holbertonschool-low_level_programming/0x05-pointers_arrays_strings/8-print_array.c
> git cat-file -s e69de29bb2d1d6434b8b29ae775ad8c2e48c5391
> git show --textconv :0x05-pointers_arrays_strings/holberton.h
> git ls-files --stage -- /home/vagrant/holbertonschool-low_level_programming/0x05-pointers_arrays_strings/holberton.h
> git cat-file -s d2a47039bfb70d2fd46320d3ee8af12cb3cfd163
> git show --textconv :0x05-pointers_arrays_strings/8-print_array.c
> git ls-files --stage -- /home/vagrant/holbertonschool-low_level_programming/0x05-pointers_arrays_strings/8-print_array.c
> git cat-file -s e69de29bb2d1d6434b8b29ae775ad8c2e48c5391
> git status -z -u
> git symbolic-ref --short HEAD
> git rev-parse master
> git rev-parse --symbolic-full-name master@{u}
> git rev-list --left-right master...refs/remotes/origin/master
> git for-each-ref --sort -committerdate --format %(refname) %(objectname)
> git remote --verbose
> git config --get commit.template
> git status -z -u
> git symbolic-ref --short HEAD
> git rev-parse master
> git rev-parse --symbolic-full-name master@{u}
> git rev-list --left-right master...refs/remotes/origin/master
> git for-each-ref --sort -committerdate --format %(refname) %(objectname)
> git remote --verbose
> git config --get commit.template
> git status -z -u
> git symbolic-ref --short HEAD
> git rev-parse master
> git rev-parse --symbolic-full-name master@{u}
> git rev-list --left-right master...refs/remotes/origin/master
> git for-each-ref --sort -committerdate --format %(refname) %(objectname)
> git remote --verbose
> git config --get commit.template
> git status -z -u
> git symbolic-ref --short HEAD
> git rev-parse master
> git rev-parse --symbolic-full-name master@{u}
> git rev-list --left-right master...refs/remotes/origin/master
> git for-each-ref --sort -committerdate --format %(refname) %(objectname)
> git remote --verbose
> git config --get commit.template
> git status -z -u
> git symbolic-ref --short HEAD
> git rev-parse master
> git rev-parse --symbolic-full-name master@{u}
> git rev-list --left-right master...refs/remotes/origin/master
> git for-each-ref --sort -committerdate --format %(refname) %(objectname)
> git remote --verbose
> git config --get commit.template
> git status -z -u
> git symbolic-ref --short HEAD
> git rev-parse master
> git rev-parse --symbolic-full-name master@{u}
> git rev-list --left-right master...refs/remotes/origin/master
> git for-each-ref --sort -committerdate --format %(refname) %(objectname)
> git remote --verbose
> git config --get commit.template
> git status -z -u
> git symbolic-ref --short HEAD
> git rev-parse master
> git rev-parse --symbolic-full-name master@{u}
> git rev-list --left-right master...refs/remotes/origin/master
> git for-each-ref --sort -committerdate --format %(refname) %(objectname)
> git remote --verbose
> git config --get commit.template
> git check-ignore -v -z --stdin
> git status -z -u
> git symbolic-ref --short HEAD
> git rev-parse master
> git rev-parse --symbolic-full-name master@{u}
> git rev-list --left-right master...refs/remotes/origin/master
> git for-each-ref --sort -committerdate --format %(refname) %(objectname)
> git remote --verbose
> git config --get commit.template
> git status -z -u
> git symbolic-ref --short HEAD
> git rev-parse master
> git rev-parse --symbolic-full-name master@{u}
> git rev-list --left-right master...refs/remotes/origin/master
> git for-each-ref --sort -committerdate --format %(refname) %(objectname)
> git remote --verbose
> git config --get commit.template
> git check-ignore -v -z --stdin
> git status -z -u
> git symbolic-ref --short HEAD
> git rev-parse master
> git rev-parse --symbolic-full-name master@{u}
> git rev-list --left-right master...refs/remotes/origin/master
> git for-each-ref --sort -committerdate --format %(refname) %(objectname)
> git remote --verbose
> git config --get commit.template
> git ls-files --stage -- /home/vagrant/holbertonschool-low_level_programming/0x05-pointers_arrays_strings/8-print_array.c
> git cat-file -s c366ed8e246ef69ef6d187a1cb993f6986e679ac
> git show --textconv :0x05-pointers_arrays_strings/8-print_array.c
> git status -z -u
> git symbolic-ref --short HEAD
> git rev-parse master
> git rev-parse --symbolic-full-name master@{u}
> git rev-list --left-right master...refs/remotes/origin/master
> git for-each-ref --sort -committerdate --format %(refname) %(objectname)
> git remote --verbose
> git config --get commit.template
> git ls-files --stage -- /home/vagrant/holbertonschool-low_level_programming/0x05-pointers_arrays_strings/8-print_array.c
> git cat-file -s c366ed8e246ef69ef6d187a1cb993f6986e679ac
> git show --textconv :0x05-pointers_arrays_strings/8-print_array.c
> git status -z -u
> git symbolic-ref --short HEAD
> git rev-parse master
> git rev-parse --symbolic-full-name master@{u}
> git rev-list --left-right master...refs/remotes/origin/master
> git for-each-ref --sort -committerdate --format %(refname) %(objectname)
> git remote --verbose
> git config --get commit.template
> git ls-files --stage -- /home/vagrant/holbertonschool-low_level_programming/0x05-pointers_arrays_strings/8-print_array.c
> git cat-file -s c366ed8e246ef69ef6d187a1cb993f6986e679ac
> git show --textconv :0x05-pointers_arrays_strings/8-print_array.c
> git status -z -u
> git symbolic-ref --short HEAD
> git rev-parse master
> git rev-parse --symbolic-full-name master@{u}
> git rev-list --left-right master...refs/remotes/origin/master
> git for-each-ref --sort -committerdate --format %(refname) %(objectname)
> git remote --verbose
> git config --get commit.template
> git status -z -u
> git symbolic-ref --short HEAD
> git rev-parse master
> git rev-parse --symbolic-full-name master@{u}
> git rev-list --left-right master...refs/remotes/origin/master
> git for-each-ref --sort -committerdate --format %(refname) %(objectname)
> git remote --verbose
> git config --get commit.template
> git show --textconv :0x05-pointers_arrays_strings/holberton.h
> git ls-files --stage -- /home/vagrant/holbertonschool-low_level_programming/0x05-pointers_arrays_strings/holberton.h
> git cat-file -s a3f4cd7344f5e39c9118cfde683ba729226d6f23
> git status -z -u
> git symbolic-ref --short HEAD
> git rev-parse master
> git rev-parse --symbolic-full-name master@{u}
> git rev-list --left-right master...refs/remotes/origin/master
> git for-each-ref --sort -committerdate --format %(refname) %(objectname)
> git remote --verbose
> git config --get commit.template
> git show --textconv :0x05-pointers_arrays_strings/100-atoi.c
> git ls-files --stage -- /home/vagrant/holbertonschool-low_level_programming/0x05-pointers_arrays_strings/100-atoi.c
> git cat-file -s e69de29bb2d1d6434b8b29ae775ad8c2e48c5391
> git show --textconv :0x05-pointers_arrays_strings/9-strcpy.c
> git ls-files --stage -- /home/vagrant/holbertonschool-low_level_programming/0x05-pointers_arrays_strings/9-strcpy.c
> git cat-file -s bc194482ee0c61544bb2122d90d9111fd12e5d50
> git show --textconv :0x05-pointers_arrays_strings/100-atoi.c
> git ls-files --stage -- /home/vagrant/holbertonschool-low_level_programming/0x05-pointers_arrays_strings/100-atoi.c
> git cat-file -s e69de29bb2d1d6434b8b29ae775ad8c2e48c5391
> git status -z -u
> git symbolic-ref --short HEAD
> git rev-parse master
> git rev-parse --symbolic-full-name master@{u}
> git rev-list --left-right master...refs/remotes/origin/master
> git for-each-ref --sort -committerdate --format %(refname) %(objectname)
> git remote --verbose
> git config --get commit.template
> git status -z -u
> git symbolic-ref --short HEAD
> git rev-parse master
> git rev-parse --symbolic-full-name master@{u}
> git rev-list --left-right master...refs/remotes/origin/master
> git for-each-ref --sort -committerdate --format %(refname) %(objectname)
> git remote --verbose
> git config --get commit.template
> git status -z -u
> git symbolic-ref --short HEAD
> git rev-parse master
> git rev-parse --symbolic-full-name master@{u}
> git rev-list --left-right master...refs/remotes/origin/master
> git for-each-ref --sort -committerdate --format %(refname) %(objectname)
> git remote --verbose
> git config --get commit.template
> git check-ignore -v -z --stdin
> git status -z -u
> git symbolic-ref --short HEAD
> git rev-parse master
> git rev-parse --symbolic-full-name master@{u}
> git rev-list --left-right master...refs/remotes/origin/master
> git for-each-ref --sort -committerdate --format %(refname) %(objectname)
> git remote --verbose
> git config --get commit.template
> git status -z -u
> git symbolic-ref --short HEAD
> git rev-parse master
> git rev-parse --symbolic-full-name master@{u}
> git rev-list --left-right master...refs/remotes/origin/master
> git for-each-ref --sort -committerdate --format %(refname) %(objectname)
> git remote --verbose
> git config --get commit.template
> git status -z -u
> git symbolic-ref --short HEAD
> git rev-parse master
> git rev-parse --symbolic-full-name master@{u}
> git rev-list --left-right master...refs/remotes/origin/master
> git for-each-ref --sort -committerdate --format %(refname) %(objectname)
> git remote --verbose
> git config --get commit.template
> git ls-files --stage -- /home/vagrant/holbertonschool-low_level_programming/0x05-pointers_arrays_strings/100-atoi.c
> git cat-file -s 343a57edbb3554c73fe7bb9ffc470d3bc90594ad
> git show --textconv :0x05-pointers_arrays_strings/100-atoi.c
> git status -z -u
> git symbolic-ref --short HEAD
> git rev-parse master
> git rev-parse --symbolic-full-name master@{u}
> git rev-list --left-right master...refs/remotes/origin/master
> git for-each-ref --sort -committerdate --format %(refname) %(objectname)
> git remote --verbose
> git config --get commit.template
> git status -z -u
> git symbolic-ref --short HEAD
> git rev-parse master
> git rev-parse --symbolic-full-name master@{u}
> git rev-list --left-right master...refs/remotes/origin/master
> git for-each-ref --sort -committerdate --format %(refname) %(objectname)
> git remote --verbose
> git config --get commit.template
> git ls-files --stage -- /home/vagrant/holbertonschool-low_level_programming/0x05-pointers_arrays_strings/100-atoi.c
> git cat-file -s 343a57edbb3554c73fe7bb9ffc470d3bc90594ad
> git show --textconv :0x05-pointers_arrays_strings/100-atoi.c
> git status -z -u
> git symbolic-ref --short HEAD
> git rev-parse master
> git rev-parse --symbolic-full-name master@{u}
> git rev-list --left-right master...refs/remotes/origin/master
> git for-each-ref --sort -committerdate --format %(refname) %(objectname)
> git remote --verbose
> git config --get commit.template
> git ls-files --stage -- /home/vagrant/holbertonschool-low_level_programming/0x05-pointers_arrays_strings/100-atoi.c
> git cat-file -s 343a57edbb3554c73fe7bb9ffc470d3bc90594ad
> git show --textconv :0x05-pointers_arrays_strings/100-atoi.c
> git status -z -u
> git symbolic-ref --short HEAD
> git rev-parse master
> git rev-parse --symbolic-full-name master@{u}
> git rev-list --left-right master...refs/remotes/origin/master
> git for-each-ref --sort -committerdate --format %(refname) %(objectname)
> git remote --verbose
> git config --get commit.template
> git status -z -u
> git symbolic-ref --short HEAD
> git rev-parse master
> git rev-parse --symbolic-full-name master@{u}
> git rev-list --left-right master...refs/remotes/origin/master
> git for-each-ref --sort -committerdate --format %(refname) %(objectname)
> git remote --verbose
> git config --get commit.template
> git status -z -u
> git symbolic-ref --short HEAD
> git rev-parse master
> git rev-parse --symbolic-full-name master@{u}
> git rev-list --left-right master...refs/remotes/origin/master
> git for-each-ref --sort -committerdate --format %(refname) %(objectname)
> git remote --verbose
> git config --get commit.template
> git ls-files --stage -- /home/vagrant/holbertonschool-low_level_programming/0x05-pointers_arrays_strings/100-atoi.c
> git cat-file -s 36d8dba8d373dbe79129f1b7fc01ff92e060064b
> git show --textconv :0x05-pointers_arrays_strings/100-atoi.c
> git status -z -u
> git symbolic-ref --short HEAD
> git rev-parse master
> git rev-parse --symbolic-full-name master@{u}
> git rev-list --left-right master...refs/remotes/origin/master
> git for-each-ref --sort -committerdate --format %(refname) %(objectname)
> git remote --verbose
> git config --get commit.template
> git status -z -u
> git symbolic-ref --short HEAD
> git rev-parse master
> git rev-parse --symbolic-full-name master@{u}
> git rev-list --left-right master...refs/remotes/origin/master
> git for-each-ref --sort -committerdate --format %(refname) %(objectname)
> git remote --verbose
> git config --get commit.template
> git ls-files --stage -- /home/vagrant/holbertonschool-low_level_programming/0x05-pointers_arrays_strings/100-atoi.c
> git cat-file -s 36d8dba8d373dbe79129f1b7fc01ff92e060064b
> git show --textconv :0x05-pointers_arrays_strings/100-atoi.c
> git status -z -u
> git symbolic-ref --short HEAD
> git rev-parse master
> git rev-parse --symbolic-full-name master@{u}
> git rev-list --left-right master...refs/remotes/origin/master
> git for-each-ref --sort -committerdate --format %(refname) %(objectname)
> git remote --verbose
> git config --get commit.template
> git ls-files --stage -- /home/vagrant/holbertonschool-low_level_programming/0x05-pointers_arrays_strings/100-atoi.c
> git cat-file -s 36d8dba8d373dbe79129f1b7fc01ff92e060064b
> git show --textconv :0x05-pointers_arrays_strings/100-atoi.c
> git status -z -u
> git symbolic-ref --short HEAD
> git rev-parse master
> git rev-parse --symbolic-full-name master@{u}
> git rev-list --left-right master...refs/remotes/origin/master
> git for-each-ref --sort -committerdate --format %(refname) %(objectname)
> git remote --verbose
> git config --get commit.template
> git show --textconv :0x05-pointers_arrays_strings/3-puts.c
> git ls-files --stage -- /home/vagrant/holbertonschool-low_level_programming/0x05-pointers_arrays_strings/3-puts.c
> git cat-file -s aed160dd95a88ef6b7085c28af3f425f4c13bc9a
> git show --textconv :0x05-pointers_arrays_strings/100-atoi.c
> git ls-files --stage -- /home/vagrant/holbertonschool-low_level_programming/0x05-pointers_arrays_strings/100-atoi.c
> git cat-file -s 36d8dba8d373dbe79129f1b7fc01ff92e060064b
> git show --textconv :0x05-pointers_arrays_strings/3-puts.c
> git ls-files --stage -- /home/vagrant/holbertonschool-low_level_programming/0x05-pointers_arrays_strings/3-puts.c
> git cat-file -s aed160dd95a88ef6b7085c28af3f425f4c13bc9a
> git show --textconv :0x05-pointers_arrays_strings/100-atoi.c
> git ls-files --stage -- /home/vagrant/holbertonschool-low_level_programming/0x05-pointers_arrays_strings/100-atoi.c
> git cat-file -s 36d8dba8d373dbe79129f1b7fc01ff92e060064b
> git show --textconv :0x05-pointers_arrays_strings/9-strcpy.c
> git ls-files --stage -- /home/vagrant/holbertonschool-low_level_programming/0x05-pointers_arrays_strings/9-strcpy.c
> git cat-file -s bc194482ee0c61544bb2122d90d9111fd12e5d50
> git status -z -u
> git symbolic-ref --short HEAD
> git rev-parse master
> git rev-parse --symbolic-full-name master@{u}
> git rev-list --left-right master...refs/remotes/origin/master
> git for-each-ref --sort -committerdate --format %(refname) %(objectname)
> git remote --verbose
> git config --get commit.template
> git show --textconv :0x05-pointers_arrays_strings/100-atoi.c
> git ls-files --stage -- /home/vagrant/holbertonschool-low_level_programming/0x05-pointers_arrays_strings/100-atoi.c
> git cat-file -s 36d8dba8d373dbe79129f1b7fc01ff92e060064b
> git status -z -u
> git symbolic-ref --short HEAD
> git rev-parse master
> git rev-parse --symbolic-full-name master@{u}
> git rev-list --left-right master...refs/remotes/origin/master
> git for-each-ref --sort -committerdate --format %(refname) %(objectname)
> git remote --verbose
> git config --get commit.template
> git status -z -u
> git symbolic-ref --short HEAD
> git rev-parse master
> git rev-parse --symbolic-full-name master@{u}
> git rev-list --left-right master...refs/remotes/origin/master
> git for-each-ref --sort -committerdate --format %(refname) %(objectname)
> git remote --verbose
> git config --get commit.template
> git status -z -u
> git symbolic-ref --short HEAD
> git rev-parse master
> git rev-parse --symbolic-full-name master@{u}
> git rev-list --left-right master...refs/remotes/origin/master
> git for-each-ref --sort -committerdate --format %(refname) %(objectname)
> git remote --verbose
> git config --get commit.template
> git status -z -u
> git symbolic-ref --short HEAD
> git rev-parse master
> git rev-parse --symbolic-full-name master@{u}
> git rev-list --left-right master...refs/remotes/origin/master
> git for-each-ref --sort -committerdate --format %(refname) %(objectname)
> git remote --verbose
> git config --get commit.template
> git status -z -u
> git symbolic-ref --short HEAD
> git rev-parse master
> git rev-parse --symbolic-full-name master@{u}
> git rev-list --left-right master...refs/remotes/origin/master
> git for-each-ref --sort -committerdate --format %(refname) %(objectname)
> git remote --verbose
> git config --get commit.template
> git ls-files --stage -- /home/vagrant/holbertonschool-low_level_programming/0x05-pointers_arrays_strings/100-atoi.c
> git cat-file -s b29752610461eb10c6b4749821c01b7f36959b77
> git show --textconv :0x05-pointers_arrays_strings/100-atoi.c
> git status -z -u
> git symbolic-ref --short HEAD
> git rev-parse master
> git rev-parse --symbolic-full-name master@{u}
> git rev-list --left-right master...refs/remotes/origin/master
> git for-each-ref --sort -committerdate --format %(refname) %(objectname)
> git remote --verbose
> git config --get commit.template
> git ls-files --stage -- /home/vagrant/holbertonschool-low_level_programming/0x05-pointers_arrays_strings/100-atoi.c
> git cat-file -s b29752610461eb10c6b4749821c01b7f36959b77
> git show --textconv :0x05-pointers_arrays_strings/100-atoi.c
> git status -z -u
> git symbolic-ref --short HEAD
> git rev-parse master
> git rev-parse --symbolic-full-name master@{u}
> git rev-list --left-right master...refs/remotes/origin/master
> git for-each-ref --sort -committerdate --format %(refname) %(objectname)
> git remote --verbose
> git config --get commit.template
> git status -z -u
> git symbolic-ref --short HEAD
> git rev-parse master
> git rev-parse --symbolic-full-name master@{u}
> git rev-list --left-right master...refs/remotes/origin/master
> git for-each-ref --sort -committerdate --format %(refname) %(objectname)
> git remote --verbose
> git config --get commit.template
> git status -z -u
> git symbolic-ref --short HEAD
> git rev-parse master
> git rev-parse --symbolic-full-name master@{u}
> git rev-list --left-right master...refs/remotes/origin/master
> git for-each-ref --sort -committerdate --format %(refname) %(objectname)
> git remote --verbose
> git ls-files --stage -- /home/vagrant/holbertonschool-low_level_programming/0x05-pointers_arrays_strings/100-atoi.c
> git config --get commit.template
> git cat-file -s b29752610461eb10c6b4749821c01b7f36959b77
> git show --textconv :0x05-pointers_arrays_strings/100-atoi.c
