Looking for git in: git
Using git 1.9.1 from git
> git rev-parse --git-dir
Open repository: /home/vagrant/holbertonschool-low_level_programming
> git status -z -u
> git symbolic-ref --short HEAD
> git rev-parse master
> git rev-parse --symbolic-full-name master@{u}
> git rev-list --left-right master...refs/remotes/origin/master
> git for-each-ref --sort -committerdate --format %(refname) %(objectname)
> git remote --verbose
> git config --get commit.template
> git show --textconv :0x05-pointers_arrays_strings/100-atoi.c
> git ls-files --stage -- /home/vagrant/holbertonschool-low_level_programming/0x05-pointers_arrays_strings/100-atoi.c
> git cat-file -s b29752610461eb10c6b4749821c01b7f36959b77
> git check-ignore -v -z --stdin
> git show --textconv :0x05-pointers_arrays_strings/100-atoi.c
> git ls-files --stage -- /home/vagrant/holbertonschool-low_level_programming/0x05-pointers_arrays_strings/100-atoi.c
> git cat-file -s b29752610461eb10c6b4749821c01b7f36959b77
> git show --textconv :0x05-pointers_arrays_strings/1-swap.c
> git ls-files --stage -- /home/vagrant/holbertonschool-low_level_programming/0x05-pointers_arrays_strings/1-swap.c
> git cat-file -s 4629dd021af3b20129388a32748d26d345169c87
> git show --textconv :0x05-pointers_arrays_strings/2-strlen.c
> git ls-files --stage -- /home/vagrant/holbertonschool-low_level_programming/0x05-pointers_arrays_strings/2-strlen.c
> git cat-file -s 27f9d0d42722dc88e7f7d9763f7600223a4a7fb6
> git show --textconv :0x05-pointers_arrays_strings/3-puts.c
> git ls-files --stage -- /home/vagrant/holbertonschool-low_level_programming/0x05-pointers_arrays_strings/3-puts.c
> git cat-file -s aed160dd95a88ef6b7085c28af3f425f4c13bc9a
> git show --textconv :0x05-pointers_arrays_strings/2-strlen.c
> git ls-files --stage -- /home/vagrant/holbertonschool-low_level_programming/0x05-pointers_arrays_strings/2-strlen.c
> git cat-file -s 27f9d0d42722dc88e7f7d9763f7600223a4a7fb6
> git show --textconv :0x05-pointers_arrays_strings/3-puts.c
> git ls-files --stage -- /home/vagrant/holbertonschool-low_level_programming/0x05-pointers_arrays_strings/3-puts.c
> git cat-file -s aed160dd95a88ef6b7085c28af3f425f4c13bc9a
> git log --format=%H%n%aN%n%aE%n%at%n%ct%n%P%n%B -z -n21 -- /home/vagrant/holbertonschool-low_level_programming/0x05-pointers_arrays_strings/4-print_rev
> git show --textconv :0x05-pointers_arrays_strings/4-print_rev.c
> git ls-files --stage -- /home/vagrant/holbertonschool-low_level_programming/0x05-pointers_arrays_strings/4-print_rev.c
> git cat-file -s db1d2930b5881e032c3694cc0570964c85fae56f
> git show --textconv :0x05-pointers_arrays_strings/3-puts.c
> git ls-files --stage -- /home/vagrant/holbertonschool-low_level_programming/0x05-pointers_arrays_strings/3-puts.c
> git cat-file -s aed160dd95a88ef6b7085c28af3f425f4c13bc9a
> git show --textconv :0x05-pointers_arrays_strings/4-print_rev.c
> git ls-files --stage -- /home/vagrant/holbertonschool-low_level_programming/0x05-pointers_arrays_strings/4-print_rev.c
> git cat-file -s db1d2930b5881e032c3694cc0570964c85fae56f
> git show --textconv :0x05-pointers_arrays_strings/100-atoi.c
> git ls-files --stage -- /home/vagrant/holbertonschool-low_level_programming/0x05-pointers_arrays_strings/100-atoi.c
> git cat-file -s b29752610461eb10c6b4749821c01b7f36959b77
> git show --textconv :0x05-pointers_arrays_strings/4-print_rev.c
> git ls-files --stage -- /home/vagrant/holbertonschool-low_level_programming/0x05-pointers_arrays_strings/4-print_rev.c
> git cat-file -s db1d2930b5881e032c3694cc0570964c85fae56f
> git show --textconv :0x05-pointers_arrays_strings/100-atoi.c
> git ls-files --stage -- /home/vagrant/holbertonschool-low_level_programming/0x05-pointers_arrays_strings/100-atoi.c
> git cat-file -s b29752610461eb10c6b4749821c01b7f36959b77
> git show --textconv :0x05-pointers_arrays_strings/5-rev_string.c
> git ls-files --stage -- /home/vagrant/holbertonschool-low_level_programming/0x05-pointers_arrays_strings/5-rev_string.c
> git cat-file -s bb24eb133261c18286741c3d7ddfc34740974712
> git show --textconv :0x05-pointers_arrays_strings/6-puts2.c
> git ls-files --stage -- /home/vagrant/holbertonschool-low_level_programming/0x05-pointers_arrays_strings/6-puts2.c
> git cat-file -s c9d03d08141857068341184c3ef352a73ac993c4
> git show --textconv :0x05-pointers_arrays_strings/7-puts_half.c
> git ls-files --stage -- /home/vagrant/holbertonschool-low_level_programming/0x05-pointers_arrays_strings/7-puts_half.c
> git cat-file -s b1e2b28a0091285d613a1e83b22449fd8b41813d
> git show --textconv :0x05-pointers_arrays_strings/6-puts2.c
> git ls-files --stage -- /home/vagrant/holbertonschool-low_level_programming/0x05-pointers_arrays_strings/6-puts2.c
> git cat-file -s c9d03d08141857068341184c3ef352a73ac993c4
> git show --textconv :0x05-pointers_arrays_strings/100-atoi.c
> git ls-files --stage -- /home/vagrant/holbertonschool-low_level_programming/0x05-pointers_arrays_strings/100-atoi.c
> git cat-file -s b29752610461eb10c6b4749821c01b7f36959b77
> git status -z -u
> git symbolic-ref --short HEAD
> git rev-parse master
> git rev-parse --symbolic-full-name master@{u}
> git rev-list --left-right master...refs/remotes/origin/master
> git for-each-ref --sort -committerdate --format %(refname) %(objectname)
> git remote --verbose
> git config --get commit.template
> git status -z -u
> git symbolic-ref --short HEAD
> git rev-parse master
> git rev-parse --symbolic-full-name master@{u}
> git rev-list --left-right master...refs/remotes/origin/master
> git for-each-ref --sort -committerdate --format %(refname) %(objectname)
> git remote --verbose
> git config --get commit.template
> git status -z -u
> git symbolic-ref --short HEAD
> git rev-parse master
> git rev-parse --symbolic-full-name master@{u}
> git rev-list --left-right master...refs/remotes/origin/master
> git for-each-ref --sort -committerdate --format %(refname) %(objectname)
> git remote --verbose
> git config --get commit.template
> git ls-files --stage -- /home/vagrant/holbertonschool-low_level_programming/0x05-pointers_arrays_strings/100-atoi.c
> git cat-file -s 4023a6406c81fd7025420bd4ce47ec67fee59748
> git show --textconv :0x05-pointers_arrays_strings/100-atoi.c
> git status -z -u
> git symbolic-ref --short HEAD
> git rev-parse master
> git rev-parse --symbolic-full-name master@{u}
> git rev-list --left-right master...refs/remotes/origin/master
> git for-each-ref --sort -committerdate --format %(refname) %(objectname)
> git remote --verbose
> git config --get commit.template
> git status -z -u
> git symbolic-ref --short HEAD
> git rev-parse master
> git rev-parse --symbolic-full-name master@{u}
> git rev-list --left-right master...refs/remotes/origin/master
> git for-each-ref --sort -committerdate --format %(refname) %(objectname)
> git remote --verbose
> git config --get commit.template
> git ls-files --stage -- /home/vagrant/holbertonschool-low_level_programming/0x05-pointers_arrays_strings/100-atoi.c
> git cat-file -s 4023a6406c81fd7025420bd4ce47ec67fee59748
> git show --textconv :0x05-pointers_arrays_strings/100-atoi.c
> git status -z -u
> git symbolic-ref --short HEAD
> git rev-parse master
> git rev-parse --symbolic-full-name master@{u}
> git rev-list --left-right master...refs/remotes/origin/master
> git for-each-ref --sort -committerdate --format %(refname) %(objectname)
> git remote --verbose
> git config --get commit.template
> git status -z -u
> git symbolic-ref --short HEAD
> git rev-parse master
> git rev-parse --symbolic-full-name master@{u}
> git rev-list --left-right master...refs/remotes/origin/master
> git for-each-ref --sort -committerdate --format %(refname) %(objectname)
> git remote --verbose
> git config --get commit.template
> git status -z -u
> git symbolic-ref --short HEAD
> git rev-parse master
> git rev-parse --symbolic-full-name master@{u}
> git rev-list --left-right master...refs/remotes/origin/master
> git for-each-ref --sort -committerdate --format %(refname) %(objectname)
> git remote --verbose
> git config --get commit.template
> git status -z -u
> git symbolic-ref --short HEAD
> git rev-parse master
> git rev-parse --symbolic-full-name master@{u}
> git rev-list --left-right master...refs/remotes/origin/master
> git for-each-ref --sort -committerdate --format %(refname) %(objectname)
> git remote --verbose
> git config --get commit.template
> git ls-files --stage -- /home/vagrant/holbertonschool-low_level_programming/0x05-pointers_arrays_strings/100-atoi.c
> git cat-file -s 929cd778679bbe0e7a87985808349185ea9ab648
> git show --textconv :0x05-pointers_arrays_strings/100-atoi.c
> git status -z -u
> git symbolic-ref --short HEAD
> git rev-parse master
> git rev-parse --symbolic-full-name master@{u}
> git rev-list --left-right master...refs/remotes/origin/master
> git for-each-ref --sort -committerdate --format %(refname) %(objectname)
> git remote --verbose
> git config --get commit.template
> git ls-files --stage -- /home/vagrant/holbertonschool-low_level_programming/0x05-pointers_arrays_strings/100-atoi.c
> git cat-file -s 929cd778679bbe0e7a87985808349185ea9ab648
> git show --textconv :0x05-pointers_arrays_strings/100-atoi.c
> git status -z -u
> git symbolic-ref --short HEAD
> git rev-parse master
> git rev-parse --symbolic-full-name master@{u}
> git rev-list --left-right master...refs/remotes/origin/master
> git for-each-ref --sort -committerdate --format %(refname) %(objectname)
> git remote --verbose
> git config --get commit.template
> git status -z -u
> git symbolic-ref --short HEAD
> git rev-parse master
> git rev-parse --symbolic-full-name master@{u}
> git rev-list --left-right master...refs/remotes/origin/master
> git for-each-ref --sort -committerdate --format %(refname) %(objectname)
> git remote --verbose
> git config --get commit.template
> git status -z -u
> git symbolic-ref --short HEAD
> git rev-parse master
> git rev-parse --symbolic-full-name master@{u}
> git rev-list --left-right master...refs/remotes/origin/master
> git for-each-ref --sort -committerdate --format %(refname) %(objectname)
> git remote --verbose
> git config --get commit.template
> git status -z -u
> git symbolic-ref --short HEAD
> git rev-parse master
> git rev-parse --symbolic-full-name master@{u}
> git rev-list --left-right master...refs/remotes/origin/master
> git for-each-ref --sort -committerdate --format %(refname) %(objectname)
> git remote --verbose
> git config --get commit.template
> git status -z -u
> git symbolic-ref --short HEAD
> git rev-parse master
> git rev-parse --symbolic-full-name master@{u}
> git rev-list --left-right master...refs/remotes/origin/master
> git for-each-ref --sort -committerdate --format %(refname) %(objectname)
> git remote --verbose
> git config --get commit.template
> git ls-files --stage -- /home/vagrant/holbertonschool-low_level_programming/0x05-pointers_arrays_strings/100-atoi.c
> git cat-file -s 8012f9c8f6f0149303451ef9331de6e115bc31ff
> git show --textconv :0x05-pointers_arrays_strings/100-atoi.c
> git status -z -u
> git symbolic-ref --short HEAD
> git rev-parse master
> git rev-parse --symbolic-full-name master@{u}
> git rev-list --left-right master...refs/remotes/origin/master
> git for-each-ref --sort -committerdate --format %(refname) %(objectname)
> git remote --verbose
> git config --get commit.template
> git ls-files --stage -- /home/vagrant/holbertonschool-low_level_programming/0x05-pointers_arrays_strings/100-atoi.c
> git cat-file -s 8012f9c8f6f0149303451ef9331de6e115bc31ff
> git show --textconv :0x05-pointers_arrays_strings/100-atoi.c
> git status -z -u
> git symbolic-ref --short HEAD
> git rev-parse master
> git rev-parse --symbolic-full-name master@{u}
> git rev-list --left-right master...refs/remotes/origin/master
> git for-each-ref --sort -committerdate --format %(refname) %(objectname)
> git remote --verbose
> git config --get commit.template
> git show --textconv :0x05-pointers_arrays_strings/holberton.h
> git ls-files --stage -- /home/vagrant/holbertonschool-low_level_programming/0x05-pointers_arrays_strings/holberton.h
> git cat-file -s 36033d5c9ee9a96f4b50243ed234a2a577522494
> git show --textconv :0x05-pointers_arrays_strings/100-atoi.c
> git ls-files --stage -- /home/vagrant/holbertonschool-low_level_programming/0x05-pointers_arrays_strings/100-atoi.c
> git cat-file -s 8012f9c8f6f0149303451ef9331de6e115bc31ff
> git show --textconv :0x05-pointers_arrays_strings/README.md
> git ls-files --stage -- /home/vagrant/holbertonschool-low_level_programming/0x05-pointers_arrays_strings/README.md
> git cat-file -s af4cadfc7904797ddeeb738a28582bc8a694e137
> git show --textconv :0x05-pointers_arrays_strings/100-atoi.c
> git ls-files --stage -- /home/vagrant/holbertonschool-low_level_programming/0x05-pointers_arrays_strings/100-atoi.c
> git cat-file -s 8012f9c8f6f0149303451ef9331de6e115bc31ff
> git show --textconv :0x05-pointers_arrays_strings/holberton.h
> git ls-files --stage -- /home/vagrant/holbertonschool-low_level_programming/0x05-pointers_arrays_strings/holberton.h
> git cat-file -s 36033d5c9ee9a96f4b50243ed234a2a577522494
> git show --textconv :0x05-pointers_arrays_strings/100-atoi.c
> git ls-files --stage -- /home/vagrant/holbertonschool-low_level_programming/0x05-pointers_arrays_strings/100-atoi.c
> git cat-file -s 8012f9c8f6f0149303451ef9331de6e115bc31ff
> git status -z -u
> git symbolic-ref --short HEAD
> git rev-parse master
> git rev-parse --symbolic-full-name master@{u}
> git rev-list --left-right master...refs/remotes/origin/master
> git for-each-ref --sort -committerdate --format %(refname) %(objectname)
> git remote --verbose
> git config --get commit.template
> git status -z -u
> git symbolic-ref --short HEAD
> git rev-parse master
> git rev-parse --symbolic-full-name master@{u}
> git rev-list --left-right master...refs/remotes/origin/master
> git for-each-ref --sort -committerdate --format %(refname) %(objectname)
> git remote --verbose
> git ls-files --stage -- /home/vagrant/holbertonschool-low_level_programming/0x05-pointers_arrays_strings/100-atoi.c
> git cat-file -s 2bce0f5855fd255558fbca4ca7acf88361b1ade6
> git config --get commit.template
> git show --textconv :0x05-pointers_arrays_strings/100-atoi.c
> git status -z -u
> git symbolic-ref --short HEAD
> git rev-parse master
> git ls-files --stage -- /home/vagrant/holbertonschool-low_level_programming/0x05-pointers_arrays_strings/100-atoi.c
> git rev-parse --symbolic-full-name master@{u}
> git cat-file -s 2bce0f5855fd255558fbca4ca7acf88361b1ade6
> git rev-list --left-right master...refs/remotes/origin/master
> git for-each-ref --sort -committerdate --format %(refname) %(objectname)
> git remote --verbose
> git show --textconv :0x05-pointers_arrays_strings/100-atoi.c
> git config --get commit.template
> git show --textconv :0x05-pointers_arrays_strings/holberton.h
> git ls-files --stage -- /home/vagrant/holbertonschool-low_level_programming/0x05-pointers_arrays_strings/holberton.h
> git cat-file -s 36033d5c9ee9a96f4b50243ed234a2a577522494
> git show --textconv :0x05-pointers_arrays_strings/100-main.c
> git ls-files --stage -- /home/vagrant/holbertonschool-low_level_programming/0x05-pointers_arrays_strings/100-main.c
> git cat-file -s 2c851956ae93a2379bfa22cefdda0dd02ac7dede
> git show --textconv :0x05-pointers_arrays_strings/100-atoi.c
> git ls-files --stage -- /home/vagrant/holbertonschool-low_level_programming/0x05-pointers_arrays_strings/100-atoi.c
> git cat-file -s 2bce0f5855fd255558fbca4ca7acf88361b1ade6
> git status -z -u
> git symbolic-ref --short HEAD
> git rev-parse master
> git rev-parse --symbolic-full-name master@{u}
> git rev-list --left-right master...refs/remotes/origin/master
> git for-each-ref --sort -committerdate --format %(refname) %(objectname)
> git remote --verbose
> git config --get commit.template
> git status -z -u
> git symbolic-ref --short HEAD
> git rev-parse master
> git rev-parse --symbolic-full-name master@{u}
> git rev-list --left-right master...refs/remotes/origin/master
> git for-each-ref --sort -committerdate --format %(refname) %(objectname)
> git remote --verbose
> git config --get commit.template
> git status -z -u
> git symbolic-ref --short HEAD
> git rev-parse master
> git rev-parse --symbolic-full-name master@{u}
> git rev-list --left-right master...refs/remotes/origin/master
> git ls-files --stage -- /home/vagrant/holbertonschool-low_level_programming/0x05-pointers_arrays_strings/100-atoi.c
> git for-each-ref --sort -committerdate --format %(refname) %(objectname)
> git remote --verbose
> git cat-file -s 8172c7bb4561d87c4244a9e4af5894c2246171d1
> git config --get commit.template
> git show --textconv :0x05-pointers_arrays_strings/100-atoi.c
> git ls-files --stage -- /home/vagrant/holbertonschool-low_level_programming/0x05-pointers_arrays_strings/100-atoi.c
> git cat-file -s 8172c7bb4561d87c4244a9e4af5894c2246171d1
> git show --textconv :0x05-pointers_arrays_strings/100-atoi.c
> git status -z -u
> git symbolic-ref --short HEAD
> git rev-parse master
> git rev-parse --symbolic-full-name master@{u}
> git rev-list --left-right master...refs/remotes/origin/master
> git for-each-ref --sort -committerdate --format %(refname) %(objectname)
> git remote --verbose
> git config --get commit.template
> git status -z -u
> git symbolic-ref --short HEAD
> git rev-parse master
> git rev-parse --symbolic-full-name master@{u}
> git rev-list --left-right master...refs/remotes/origin/master
> git for-each-ref --sort -committerdate --format %(refname) %(objectname)
> git remote --verbose
> git config --get commit.template
> git show --textconv :0x05-pointers_arrays_strings/100-main.c
> git ls-files --stage -- /home/vagrant/holbertonschool-low_level_programming/0x05-pointers_arrays_strings/100-main.c
> git cat-file -s 2c851956ae93a2379bfa22cefdda0dd02ac7dede
> git status -z -u
> git symbolic-ref --short HEAD
> git rev-parse master
> git rev-parse --symbolic-full-name master@{u}
> git rev-list --left-right master...refs/remotes/origin/master
> git for-each-ref --sort -committerdate --format %(refname) %(objectname)
> git remote --verbose
> git config --get commit.template
> git status -z -u
> git symbolic-ref --short HEAD
> git rev-parse master
> git rev-parse --symbolic-full-name master@{u}
> git rev-list --left-right master...refs/remotes/origin/master
> git ls-files --stage -- /home/vagrant/holbertonschool-low_level_programming/0x05-pointers_arrays_strings/100-main.c
> git for-each-ref --sort -committerdate --format %(refname) %(objectname)
> git remote --verbose
> git cat-file -s c260b080be8370eeefade634fd7c7c04c807048f
> git config --get commit.template
> git show --textconv :0x05-pointers_arrays_strings/100-main.c
> git status -z -u
> git symbolic-ref --short HEAD
> git ls-files --stage -- /home/vagrant/holbertonschool-low_level_programming/0x05-pointers_arrays_strings/100-main.c
> git rev-parse master
> git cat-file -s c260b080be8370eeefade634fd7c7c04c807048f
> git rev-parse --symbolic-full-name master@{u}
> git rev-list --left-right master...refs/remotes/origin/master
> git show --textconv :0x05-pointers_arrays_strings/100-main.c
> git for-each-ref --sort -committerdate --format %(refname) %(objectname)
> git remote --verbose
> git config --get commit.template
> git show --textconv :0x05-pointers_arrays_strings/holberton.h
> git ls-files --stage -- /home/vagrant/holbertonschool-low_level_programming/0x05-pointers_arrays_strings/holberton.h
> git cat-file -s 36033d5c9ee9a96f4b50243ed234a2a577522494
> git show --textconv :0x05-pointers_arrays_strings/100-atoi.c
> git ls-files --stage -- /home/vagrant/holbertonschool-low_level_programming/0x05-pointers_arrays_strings/100-atoi.c
> git cat-file -s 8172c7bb4561d87c4244a9e4af5894c2246171d1
> git show --textconv :0x05-pointers_arrays_strings/holberton.h
> git ls-files --stage -- /home/vagrant/holbertonschool-low_level_programming/0x05-pointers_arrays_strings/holberton.h
> git cat-file -s 36033d5c9ee9a96f4b50243ed234a2a577522494
> git status -z -u
> git symbolic-ref --short HEAD
> git rev-parse master
> git rev-parse --symbolic-full-name master@{u}
> git rev-list --left-right master...refs/remotes/origin/master
> git for-each-ref --sort -committerdate --format %(refname) %(objectname)
> git remote --verbose
> git config --get commit.template
> git status -z -u
> git symbolic-ref --short HEAD
> git rev-parse master
> git rev-parse --symbolic-full-name master@{u}
> git rev-list --left-right master...refs/remotes/origin/master
> git for-each-ref --sort -committerdate --format %(refname) %(objectname)
> git remote --verbose
> git ls-files --stage -- /home/vagrant/holbertonschool-low_level_programming/0x05-pointers_arrays_strings/holberton.h
> git config --get commit.template
> git cat-file -s c06b0b714dbe453551e1705f963344fab83f1232
> git show --textconv :0x05-pointers_arrays_strings/holberton.h
> git status -z -u
> git symbolic-ref --short HEAD
> git rev-parse master
> git rev-parse --symbolic-full-name master@{u}
> git rev-list --left-right master...refs/remotes/origin/master
> git for-each-ref --sort -committerdate --format %(refname) %(objectname)
> git remote --verbose
> git ls-files --stage -- /home/vagrant/holbertonschool-low_level_programming/0x05-pointers_arrays_strings/holberton.h
> git config --get commit.template
> git cat-file -s c06b0b714dbe453551e1705f963344fab83f1232
> git show --textconv :0x05-pointers_arrays_strings/holberton.h
> git status -z -u
> git symbolic-ref --short HEAD
> git rev-parse master
> git rev-parse --symbolic-full-name master@{u}
> git rev-list --left-right master...refs/remotes/origin/master
> git for-each-ref --sort -committerdate --format %(refname) %(objectname)
> git remote --verbose
> git config --get commit.template
> git status -z -u
> git symbolic-ref --short HEAD
> git ls-files --stage -- /home/vagrant/holbertonschool-low_level_programming/0x05-pointers_arrays_strings/holberton.h
> git rev-parse master
> git cat-file -s 972801e9c18e318bc43cf0089eb69a949426224a
> git rev-parse --symbolic-full-name master@{u}
> git rev-list --left-right master...refs/remotes/origin/master
> git for-each-ref --sort -committerdate --format %(refname) %(objectname)
> git remote --verbose
> git show --textconv :0x05-pointers_arrays_strings/holberton.h
> git config --get commit.template
> git status -z -u
> git symbolic-ref --short HEAD
> git rev-parse master
> git rev-parse --symbolic-full-name master@{u}
> git rev-list --left-right master...refs/remotes/origin/master
> git ls-files --stage -- /home/vagrant/holbertonschool-low_level_programming/0x05-pointers_arrays_strings/holberton.h
> git for-each-ref --sort -committerdate --format %(refname) %(objectname)
> git remote --verbose
> git cat-file -s 972801e9c18e318bc43cf0089eb69a949426224a
> git config --get commit.template
> git show --textconv :0x05-pointers_arrays_strings/holberton.h
> git show --textconv :0x05-pointers_arrays_strings/100-atoi.c
> git ls-files --stage -- /home/vagrant/holbertonschool-low_level_programming/0x05-pointers_arrays_strings/100-atoi.c
> git cat-file -s 8172c7bb4561d87c4244a9e4af5894c2246171d1
> git show --textconv :0x05-pointers_arrays_strings/100-main.c
> git ls-files --stage -- /home/vagrant/holbertonschool-low_level_programming/0x05-pointers_arrays_strings/100-main.c
> git cat-file -s c260b080be8370eeefade634fd7c7c04c807048f
> git show --textconv :0x05-pointers_arrays_strings/100-atoi.c
> git ls-files --stage -- /home/vagrant/holbertonschool-low_level_programming/0x05-pointers_arrays_strings/100-atoi.c
> git cat-file -s 8172c7bb4561d87c4244a9e4af5894c2246171d1
> git show --textconv :0x05-pointers_arrays_strings/holberton.h
> git ls-files --stage -- /home/vagrant/holbertonschool-low_level_programming/0x05-pointers_arrays_strings/holberton.h
> git cat-file -s 972801e9c18e318bc43cf0089eb69a949426224a
> git show --textconv :0x05-pointers_arrays_strings/100-main.c
> git ls-files --stage -- /home/vagrant/holbertonschool-low_level_programming/0x05-pointers_arrays_strings/100-main.c
> git cat-file -s c260b080be8370eeefade634fd7c7c04c807048f
> git show --textconv :0x05-pointers_arrays_strings/100-atoi.c
> git ls-files --stage -- /home/vagrant/holbertonschool-low_level_programming/0x05-pointers_arrays_strings/100-atoi.c
> git cat-file -s 8172c7bb4561d87c4244a9e4af5894c2246171d1
> git status -z -u
> git symbolic-ref --short HEAD
> git rev-parse master
> git rev-parse --symbolic-full-name master@{u}
> git rev-list --left-right master...refs/remotes/origin/master
> git for-each-ref --sort -committerdate --format %(refname) %(objectname)
> git remote --verbose
> git config --get commit.template
> git status -z -u
> git symbolic-ref --short HEAD
> git rev-parse master
> git rev-parse --symbolic-full-name master@{u}
> git rev-list --left-right master...refs/remotes/origin/master
> git for-each-ref --sort -committerdate --format %(refname) %(objectname)
> git remote --verbose
> git config --get commit.template
> git ls-files --stage -- /home/vagrant/holbertonschool-low_level_programming/0x05-pointers_arrays_strings/100-atoi.c
> git cat-file -s e250e580fd20e45f7f2e032febf9855cf2034f9d
> git show --textconv :0x05-pointers_arrays_strings/100-atoi.c
> git status -z -u
> git symbolic-ref --short HEAD
> git rev-parse master
> git rev-parse --symbolic-full-name master@{u}
> git rev-list --left-right master...refs/remotes/origin/master
> git for-each-ref --sort -committerdate --format %(refname) %(objectname)
> git remote --verbose
> git config --get commit.template
> git ls-files --stage -- /home/vagrant/holbertonschool-low_level_programming/0x05-pointers_arrays_strings/100-atoi.c
> git cat-file -s e250e580fd20e45f7f2e032febf9855cf2034f9d
> git show --textconv :0x05-pointers_arrays_strings/100-atoi.c
> git status -z -u
> git symbolic-ref --short HEAD
> git rev-parse master
> git rev-parse --symbolic-full-name master@{u}
> git rev-list --left-right master...refs/remotes/origin/master
> git for-each-ref --sort -committerdate --format %(refname) %(objectname)
> git remote --verbose
> git config --get commit.template
> git pull --tags origin master
> git ls-files --stage -- /home/vagrant/holbertonschool-low_level_programming/0x05-pointers_arrays_strings/100-atoi.c
> git cat-file -s e250e580fd20e45f7f2e032febf9855cf2034f9d
> git show --textconv :0x05-pointers_arrays_strings/100-atoi.c
fatal: unable to access 'https://github.com/kwhit2/holbertonschool-low_level_programming.git/': Could not resolve host: github.com
