Looking for git in: git
Using git 1.9.1 from git
> git rev-parse --git-dir
Open repository: /home/vagrant/holbertonschool-low_level_programming
> git status -z -u
> git symbolic-ref --short HEAD
> git rev-parse master
> git rev-parse --symbolic-full-name master@{u}
> git rev-list --left-right master...refs/remotes/origin/master
> git for-each-ref --sort -committerdate --format %(refname) %(objectname)
> git remote --verbose
> git config --get commit.template
> git check-ignore -v -z --stdin
> git log --format=%H%n%aN%n%aE%n%at%n%ct%n%P%n%B -z -n21 -- /home/vagrant/holbertonschool-low_level_programming/0x03-debugging/3-main_a
> git show --textconv :0x03-debugging/3-main_a.c
> git ls-files --stage -- /home/vagrant/holbertonschool-low_level_programming/0x03-debugging/3-main_a.c
> git cat-file -s aa57b2dc2cde3e328fd4fb9f31726a8a574beab1
> git show --textconv :0x03-debugging/3-main_a.c
> git ls-files --stage -- /home/vagrant/holbertonschool-low_level_programming/0x03-debugging/3-main_a.c
> git cat-file -s aa57b2dc2cde3e328fd4fb9f31726a8a574beab1
> git log --format=%H%n%aN%n%aE%n%at%n%ct%n%P%n%B -z -n21 -- /home/vagrant/holbertonschool-low_level_programming/0x03-debugging/3-main_b
> git show --textconv :0x03-debugging/3-main_a.c
> git ls-files --stage -- /home/vagrant/holbertonschool-low_level_programming/0x03-debugging/3-main_a.c
> git cat-file -s aa57b2dc2cde3e328fd4fb9f31726a8a574beab1
