Looking for git in: git
Using git 1.9.1 from git
> git rev-parse --git-dir
Open repository: /home/vagrant/holbertonschool-low_level_programming-1
> git status -z -u
> git symbolic-ref --short HEAD
> git rev-parse master
> git rev-parse --symbolic-full-name master@{u}
> git rev-list --left-right master...refs/remotes/origin/master
> git for-each-ref --sort -committerdate --format %(refname) %(objectname)
> git remote --verbose
Warning: Failed to watch ref '/home/vagrant/holbertonschool-low_level_programming-1/.git/refs/remotes/origin/master', is most likely packed.
> git config --get commit.template
> git check-ignore -v -z --stdin
> git check-ignore -v -z --stdin
> git show --textconv :0x00-hello_world/6-size.c
> git ls-files --stage -- /home/vagrant/holbertonschool-low_level_programming-1/0x00-hello_world/6-size.c
> git cat-file -s 5b580c0c0d29538b12febc2fd1a63150ff55bb52
> git show --textconv :0x00-hello_world/1-compiler
> git ls-files --stage -- /home/vagrant/holbertonschool-low_level_programming-1/0x00-hello_world/1-compiler
> git cat-file -s f6f90ee61c42d0367913b8e663ecba623b8f5d51
> git check-ignore -v -z --stdin
> git status -z -u
> git symbolic-ref --short HEAD
> git rev-parse master
> git rev-parse --symbolic-full-name master@{u}
> git rev-list --left-right master...refs/remotes/origin/master
> git for-each-ref --sort -committerdate --format %(refname) %(objectname)
> git remote --verbose
Warning: Failed to watch ref '/home/vagrant/holbertonschool-low_level_programming-1/.git/refs/remotes/origin/master', is most likely packed.
> git config --get commit.template
> git check-ignore -v -z --stdin
> git log --format=%H%n%aN%n%aE%n%at%n%ct%n%P%n%B -z -n21 -- /home/vagrant/holbertonschool-low_level_programming-1/0x00-hello_world/1-compiler
> git rev-parse --git-dir
Open repository: /home/vagrant/holberton-system_engineering-devops
> git status -z -u
