Looking for git in: git
Using git 1.9.1 from git
> git rev-parse --git-dir
Open repository: /home/vagrant/holbertonschool-low_level_programming
> git status -z -u
> git symbolic-ref --short HEAD
> git rev-parse master
> git rev-parse --symbolic-full-name master@{u}
> git rev-list --left-right master...refs/remotes/origin/master
> git for-each-ref --sort -committerdate --format %(refname) %(objectname)
> git remote --verbose
> git config --get commit.template
> git check-ignore -v -z --stdin
> git check-ignore -v -z --stdin
> git show --textconv :0x04-more_functions_nested_loops/10-print_triangle.c
> git ls-files --stage -- /home/vagrant/holbertonschool-low_level_programming/0x04-more_functions_nested_loops/10-print_triangle.c
> git cat-file -s 9babf88497f8c298081719819bcb70a8c200aee6
> git status -z -u
> git symbolic-ref --short HEAD
> git rev-parse master
> git rev-parse --symbolic-full-name master@{u}
> git rev-list --left-right master...refs/remotes/origin/master
> git for-each-ref --sort -committerdate --format %(refname) %(objectname)
> git remote --verbose
> git config --get commit.template
> git status -z -u
> git symbolic-ref --short HEAD
> git rev-parse master
> git rev-parse --symbolic-full-name master@{u}
> git rev-list --left-right master...refs/remotes/origin/master
> git for-each-ref --sort -committerdate --format %(refname) %(objectname)
> git remote --verbose
> git config --get commit.template
> git check-ignore -v -z --stdin
> git status -z -u
> git symbolic-ref --short HEAD
> git rev-parse master
> git rev-parse --symbolic-full-name master@{u}
> git rev-list --left-right master...refs/remotes/origin/master
> git for-each-ref --sort -committerdate --format %(refname) %(objectname)
> git remote --verbose
> git config --get commit.template
> git show --textconv :0x04-more_functions_nested_loops/10-main.c
> git ls-files --stage -- /home/vagrant/holbertonschool-low_level_programming/0x04-more_functions_nested_loops/10-main.c
> git cat-file -s c096a32595c9255249eb2a1fa7bb48857343838e
> git status -z -u
> git symbolic-ref --short HEAD
> git rev-parse master
> git rev-parse --symbolic-full-name master@{u}
> git rev-list --left-right master...refs/remotes/origin/master
> git for-each-ref --sort -committerdate --format %(refname) %(objectname)
> git remote --verbose
> git config --get commit.template
> git ls-files --stage -- /home/vagrant/holbertonschool-low_level_programming/0x04-more_functions_nested_loops/10-main.c
> git cat-file -s c096a32595c9255249eb2a1fa7bb48857343838e
> git show --textconv :0x04-more_functions_nested_loops/10-main.c
> git status -z -u
> git symbolic-ref --short HEAD
> git rev-parse master
> git rev-parse --symbolic-full-name master@{u}
> git rev-list --left-right master...refs/remotes/origin/master
> git for-each-ref --sort -committerdate --format %(refname) %(objectname)
> git remote --verbose
> git config --get commit.template
> git ls-files --stage -- /home/vagrant/holbertonschool-low_level_programming/0x04-more_functions_nested_loops/10-main.c
> git cat-file -s c096a32595c9255249eb2a1fa7bb48857343838e
> git show --textconv :0x04-more_functions_nested_loops/10-main.c
> git status -z -u
> git symbolic-ref --short HEAD
> git rev-parse master
> git rev-parse --symbolic-full-name master@{u}
> git rev-list --left-right master...refs/remotes/origin/master
> git for-each-ref --sort -committerdate --format %(refname) %(objectname)
> git remote --verbose
> git config --get commit.template
> git ls-files --stage -- /home/vagrant/holbertonschool-low_level_programming/0x04-more_functions_nested_loops/10-main.c
> git cat-file -s c096a32595c9255249eb2a1fa7bb48857343838e
> git show --textconv :0x04-more_functions_nested_loops/10-main.c
> git status -z -u
> git symbolic-ref --short HEAD
> git rev-parse master
> git rev-parse --symbolic-full-name master@{u}
> git rev-list --left-right master...refs/remotes/origin/master
> git for-each-ref --sort -committerdate --format %(refname) %(objectname)
> git remote --verbose
> git config --get commit.template
> git status -z -u
> git symbolic-ref --short HEAD
> git rev-parse master
> git rev-parse --symbolic-full-name master@{u}
> git rev-list --left-right master...refs/remotes/origin/master
> git for-each-ref --sort -committerdate --format %(refname) %(objectname)
> git remote --verbose
> git config --get commit.template
> git show --textconv :0x04-more_functions_nested_loops/10-print_triangle.c
> git ls-files --stage -- /home/vagrant/holbertonschool-low_level_programming/0x04-more_functions_nested_loops/10-print_triangle.c
> git cat-file -s 3f9c2b742b0e7d920ecb913393fc17d7bfe668eb
> git check-ignore -v -z --stdin
> git check-ignore -v -z --stdin
> git show --textconv :0x04-more_functions_nested_loops/10-main.c
> git ls-files --stage -- /home/vagrant/holbertonschool-low_level_programming/0x04-more_functions_nested_loops/10-main.c
> git cat-file -s c096a32595c9255249eb2a1fa7bb48857343838e
> git check-ignore -v -z --stdin
> git show --textconv :0x04-more_functions_nested_loops/10-print_triangle.c
> git ls-files --stage -- /home/vagrant/holbertonschool-low_level_programming/0x04-more_functions_nested_loops/10-print_triangle.c
> git cat-file -s 3f9c2b742b0e7d920ecb913393fc17d7bfe668eb
> git show --textconv :0x04-more_functions_nested_loops/10-main.c
> git ls-files --stage -- /home/vagrant/holbertonschool-low_level_programming/0x04-more_functions_nested_loops/10-main.c
> git cat-file -s c096a32595c9255249eb2a1fa7bb48857343838e
> git show --textconv :0x04-more_functions_nested_loops/10-print_triangle.c
> git ls-files --stage -- /home/vagrant/holbertonschool-low_level_programming/0x04-more_functions_nested_loops/10-print_triangle.c
> git cat-file -s 3f9c2b742b0e7d920ecb913393fc17d7bfe668eb
> git show --textconv :0x04-more_functions_nested_loops/README.md
> git ls-files --stage -- /home/vagrant/holbertonschool-low_level_programming/0x04-more_functions_nested_loops/README.md
> git cat-file -s 311c8dd0658759f372c9be9a2065c327fdb1a203
> git status -z -u
> git symbolic-ref --short HEAD
> git rev-parse master
> git rev-parse --symbolic-full-name master@{u}
> git rev-list --left-right master...refs/remotes/origin/master
> git for-each-ref --sort -committerdate --format %(refname) %(objectname)
> git remote --verbose
> git config --get commit.template
> git status -z -u
> git symbolic-ref --short HEAD
> git rev-parse master
> git rev-parse --symbolic-full-name master@{u}
> git rev-list --left-right master...refs/remotes/origin/master
> git for-each-ref --sort -committerdate --format %(refname) %(objectname)
> git remote --verbose
> git config --get commit.template
> git ls-files --stage -- /home/vagrant/holbertonschool-low_level_programming/0x04-more_functions_nested_loops/README.md
> git cat-file -s 18654491e7588f3dd36c42bae5e8b010ab2d26e4
> git show --textconv :0x04-more_functions_nested_loops/README.md
> git status -z -u
> git symbolic-ref --short HEAD
> git rev-parse master
> git rev-parse --symbolic-full-name master@{u}
> git rev-list --left-right master...refs/remotes/origin/master
> git for-each-ref --sort -committerdate --format %(refname) %(objectname)
> git remote --verbose
> git config --get commit.template
> git ls-files --stage -- /home/vagrant/holbertonschool-low_level_programming/0x04-more_functions_nested_loops/README.md
> git cat-file -s 18654491e7588f3dd36c42bae5e8b010ab2d26e4
> git show --textconv :0x04-more_functions_nested_loops/README.md
> git status -z -u
> git symbolic-ref --short HEAD
> git rev-parse master
> git rev-parse --symbolic-full-name master@{u}
> git rev-list --left-right master...refs/remotes/origin/master
> git for-each-ref --sort -committerdate --format %(refname) %(objectname)
> git remote --verbose
> git config --get commit.template
> git ls-files --stage -- /home/vagrant/holbertonschool-low_level_programming/0x04-more_functions_nested_loops/README.md
> git cat-file -s 18654491e7588f3dd36c42bae5e8b010ab2d26e4
> git show --textconv :0x04-more_functions_nested_loops/README.md
> git show --textconv :0x04-more_functions_nested_loops/10-print_triangle.c
> git ls-files --stage -- /home/vagrant/holbertonschool-low_level_programming/0x04-more_functions_nested_loops/10-print_triangle.c
> git cat-file -s 3f9c2b742b0e7d920ecb913393fc17d7bfe668eb
> git status -z -u
> git symbolic-ref --short HEAD
> git rev-parse master
> git rev-parse --symbolic-full-name master@{u}
> git rev-list --left-right master...refs/remotes/origin/master
> git for-each-ref --sort -committerdate --format %(refname) %(objectname)
> git remote --verbose
> git config --get commit.template
> git show --textconv :0x04-more_functions_nested_loops/README.md
> git ls-files --stage -- /home/vagrant/holbertonschool-low_level_programming/0x04-more_functions_nested_loops/README.md
> git cat-file -s 18654491e7588f3dd36c42bae5e8b010ab2d26e4
