Looking for git in: git
Using git 1.9.1 from git
> git rev-parse --git-dir
Open repository: /home/vagrant/holbertonschool-low_level_programming
> git status -z -u
> git symbolic-ref --short HEAD
> git rev-parse master
> git rev-parse --symbolic-full-name master@{u}
> git rev-list --left-right master...refs/remotes/origin/master
> git for-each-ref --sort -committerdate --format %(refname) %(objectname)
> git remote --verbose
> git config --get commit.template
> git check-ignore -v -z --stdin
> git show --textconv :0x04-more_functions_nested_loops/10-print_triangle.c
> git ls-files --stage -- /home/vagrant/holbertonschool-low_level_programming/0x04-more_functions_nested_loops/10-print_triangle.c
> git cat-file -s 3f9c2b742b0e7d920ecb913393fc17d7bfe668eb
> git status -z -u
> git symbolic-ref --short HEAD
> git rev-parse master
> git rev-parse --symbolic-full-name master@{u}
> git rev-list --left-right master...refs/remotes/origin/master
> git for-each-ref --sort -committerdate --format %(refname) %(objectname)
> git remote --verbose
> git config --get commit.template
> git status -z -u
> git symbolic-ref --short HEAD
> git rev-parse master
> git rev-parse --symbolic-full-name master@{u}
> git rev-list --left-right master...refs/remotes/origin/master
> git for-each-ref --sort -committerdate --format %(refname) %(objectname)
> git remote --verbose
> git config --get commit.template
