Looking for git in: git
Using git 1.9.1 from git
> git rev-parse --git-dir
Open repository: /home/vagrant/holberton-system_engineering-devops
> git status -z -u
> git symbolic-ref --short HEAD
> git rev-parse master
> git rev-parse --symbolic-full-name master@{u}
> git rev-list --left-right master...refs/remotes/origin/master
> git for-each-ref --sort -committerdate --format %(refname) %(objectname)
> git remote --verbose
> git config --get commit.template
> git check-ignore -v -z --stdin
> git check-ignore -v -z --stdin
> git show --textconv :0x00-shell_basics/1-listit
> git ls-files --stage -- /home/vagrant/holberton-system_engineering-devops/0x00-shell_basics/1-listit
> git cat-file -s 98bee2ddd4f81774a5b3668b326527f99978c471
> git show --textconv :0x00-shell_basics/holberton.mgc
> git ls-files --stage -- /home/vagrant/holberton-system_engineering-devops/0x00-shell_basics/holberton.mgc
> git cat-file -s d1895d592256cd559fb380cfea175a3a9af6eefd
> git show --textconv :0x00-shell_basics/6-firstdirectory
> git ls-files --stage -- /home/vagrant/holberton-system_engineering-devops/0x00-shell_basics/6-firstdirectory
> git cat-file -s 31fbd3b5164dade998bbdaafb7db6433ca80ae89
> git show --textconv :0x00-shell_basics/7-movethatfile
> git ls-files --stage -- /home/vagrant/holberton-system_engineering-devops/0x00-shell_basics/7-movethatfile
> git cat-file -s 7e716fc0b922d2b53e3141a99576103e764aed36
> git log --format=%H%n%aN%n%aE%n%at%n%ct%n%P%n%B -z -n21 -- /home/vagrant/holberton-system_engineering-devops/0x00-shell_basics/6-firstdirectory
> git show --textconv :0x00-shell_basics/6-firstdirectory
> git ls-files --stage -- /home/vagrant/holberton-system_engineering-devops/0x00-shell_basics/6-firstdirectory
> git cat-file -s 31fbd3b5164dade998bbdaafb7db6433ca80ae89
