[2020-09-24 21:33:59.725] [exthost] [info] extension host started
[2020-09-24 21:33:59.856] [exthost] [info] ExtensionService#_doActivateExtension vscode.debug-auto-launch {"startup":true,"extensionId":{"value":"vscode.debug-auto-launch","_lower":"vscode.debug-auto-launch"},"activationEvent":"*"}
[2020-09-24 21:33:59.856] [exthost] [info] ExtensionService#loadCommonJSModule file:///home/vagrant/.vscode-server/bin/58bb7b2331731bf72587010e943852e13e6fd3cf/extensions/debug-auto-launch/dist/extension
[2020-09-24 21:33:59.869] [exthost] [info] ExtensionService#_doActivateExtension vscode.emmet {"startup":true,"extensionId":{"value":"vscode.emmet","_lower":"vscode.emmet"},"activationEvent":"*"}
[2020-09-24 21:33:59.869] [exthost] [info] ExtensionService#loadCommonJSModule file:///home/vagrant/.vscode-server/bin/58bb7b2331731bf72587010e943852e13e6fd3cf/extensions/emmet/dist/node/emmetNodeMain
[2020-09-24 21:33:59.916] [exthost] [info] ExtensionService#_doActivateExtension vscode.git {"startup":true,"extensionId":{"value":"vscode.github","_lower":"vscode.github"},"activationEvent":"*"}
[2020-09-24 21:33:59.916] [exthost] [info] ExtensionService#loadCommonJSModule file:///home/vagrant/.vscode-server/bin/58bb7b2331731bf72587010e943852e13e6fd3cf/extensions/git/dist/main
[2020-09-24 21:34:00.062] [exthost] [info] ExtensionService#_doActivateExtension vscode.merge-conflict {"startup":true,"extensionId":{"value":"vscode.merge-conflict","_lower":"vscode.merge-conflict"},"activationEvent":"*"}
[2020-09-24 21:34:00.063] [exthost] [info] ExtensionService#loadCommonJSModule file:///home/vagrant/.vscode-server/bin/58bb7b2331731bf72587010e943852e13e6fd3cf/extensions/merge-conflict/dist/mergeConflictMain
[2020-09-24 21:34:00.079] [exthost] [info] ExtensionService#_doActivateExtension vscode.search-result {"startup":true,"extensionId":{"value":"vscode.search-result","_lower":"vscode.search-result"},"activationEvent":"*"}
[2020-09-24 21:34:00.079] [exthost] [info] ExtensionService#loadCommonJSModule file:///home/vagrant/.vscode-server/bin/58bb7b2331731bf72587010e943852e13e6fd3cf/extensions/search-result/dist/extension.js
[2020-09-24 21:34:00.352] [exthost] [info] ExtensionService#_doActivateExtension vscode.github {"startup":true,"extensionId":{"value":"vscode.github","_lower":"vscode.github"},"activationEvent":"*"}
[2020-09-24 21:34:00.354] [exthost] [info] ExtensionService#loadCommonJSModule file:///home/vagrant/.vscode-server/bin/58bb7b2331731bf72587010e943852e13e6fd3cf/extensions/github/dist/extension.js
[2020-09-24 21:34:00.625] [exthost] [info] eager extensions activated
[2020-09-24 21:34:04.431] [exthost] [info] ExtensionService#_doActivateExtension vscode.configuration-editing {"startup":false,"extensionId":{"value":"vscode.configuration-editing","_lower":"vscode.configuration-editing"},"activationEvent":"onLanguage:jsonc"}
[2020-09-24 21:34:04.432] [exthost] [info] ExtensionService#loadCommonJSModule file:///home/vagrant/.vscode-server/bin/58bb7b2331731bf72587010e943852e13e6fd3cf/extensions/configuration-editing/dist/configurationEditingMain
[2020-09-24 21:34:04.447] [exthost] [info] ExtensionService#_doActivateExtension vscode.json-language-features {"startup":false,"extensionId":{"value":"vscode.json-language-features","_lower":"vscode.json-language-features"},"activationEvent":"onLanguage:jsonc"}
[2020-09-24 21:34:04.448] [exthost] [info] ExtensionService#loadCommonJSModule file:///home/vagrant/.vscode-server/bin/58bb7b2331731bf72587010e943852e13e6fd3cf/extensions/json-language-features/client/dist/node/jsonClientMain
[2020-09-24 21:34:04.574] [exthost] [info] ExtensionService#_doActivateExtension vscode.typescript-language-features {"startup":false,"extensionId":{"value":"vscode.typescript-language-features","_lower":"vscode.typescript-language-features"},"activationEvent":"onLanguage:jsonc"}
[2020-09-24 21:34:04.575] [exthost] [info] ExtensionService#loadCommonJSModule file:///home/vagrant/.vscode-server/bin/58bb7b2331731bf72587010e943852e13e6fd3cf/extensions/typescript-language-features/dist/extension
[2020-09-24 21:34:22.818] [exthost] [info] ExtensionService#_doActivateExtension ms-vscode.cpptools {"startup":false,"extensionId":{"value":"ms-vscode.cpptools","_lower":"ms-vscode.cpptools"},"activationEvent":"onLanguage:c"}
[2020-09-24 21:34:22.818] [exthost] [info] ExtensionService#loadCommonJSModule file:///home/vagrant/.vscode-server/extensions/ms-vscode.cpptools-1.0.1/dist/main
[2020-09-24 21:41:09.309] [exthost] [info] ExtensionService#_doActivateExtension vscode.extension-editing {"startup":false,"extensionId":{"value":"vscode.extension-editing","_lower":"vscode.extension-editing"},"activationEvent":"onLanguage:json"}
[2020-09-24 21:41:09.310] [exthost] [info] ExtensionService#loadCommonJSModule file:///home/vagrant/.vscode-server/bin/58bb7b2331731bf72587010e943852e13e6fd3cf/extensions/extension-editing/dist/extensionEditingMain
[2020-09-24 21:41:09.342] [exthost] [info] ExtensionService#_doActivateExtension ms-vscode.js-debug {"startup":false,"extensionId":{"value":"ms-vscode.js-debug","_lower":"ms-vscode.js-debug"},"activationEvent":"onLanguage:json"}
[2020-09-24 21:41:09.342] [exthost] [info] ExtensionService#loadCommonJSModule file:///home/vagrant/.vscode-server/bin/58bb7b2331731bf72587010e943852e13e6fd3cf/extensions/ms-vscode.js-debug/src/extension.js
[2020-09-24 21:41:10.264] [exthost] [info] ExtensionService#_doActivateExtension vscode.npm {"startup":false,"extensionId":{"value":"vscode.npm","_lower":"vscode.npm"},"activationEvent":"onLanguage:json"}
[2020-09-24 21:41:10.265] [exthost] [info] ExtensionService#loadCommonJSModule file:///home/vagrant/.vscode-server/bin/58bb7b2331731bf72587010e943852e13e6fd3cf/extensions/npm/dist/npmMain
