[2020-09-23 19:23:52.051] [exthost] [info] extension host started
[2020-09-23 19:23:53.055] [exthost] [info] ExtensionService#_doActivateExtension vscode.debug-auto-launch {"startup":true,"extensionId":{"value":"vscode.debug-auto-launch","_lower":"vscode.debug-auto-launch"},"activationEvent":"*"}
[2020-09-23 19:23:53.089] [exthost] [info] ExtensionService#loadCommonJSModule file:///home/vagrant/.vscode-server/bin/58bb7b2331731bf72587010e943852e13e6fd3cf/extensions/debug-auto-launch/dist/extension
[2020-09-23 19:23:53.129] [exthost] [info] ExtensionService#_doActivateExtension vscode.emmet {"startup":true,"extensionId":{"value":"vscode.emmet","_lower":"vscode.emmet"},"activationEvent":"*"}
[2020-09-23 19:23:53.133] [exthost] [info] ExtensionService#loadCommonJSModule file:///home/vagrant/.vscode-server/bin/58bb7b2331731bf72587010e943852e13e6fd3cf/extensions/emmet/dist/node/emmetNodeMain
[2020-09-23 19:23:53.365] [exthost] [info] ExtensionService#_doActivateExtension vscode.git {"startup":true,"extensionId":{"value":"vscode.github","_lower":"vscode.github"},"activationEvent":"*"}
[2020-09-23 19:23:53.370] [exthost] [info] ExtensionService#loadCommonJSModule file:///home/vagrant/.vscode-server/bin/58bb7b2331731bf72587010e943852e13e6fd3cf/extensions/git/dist/main
[2020-09-23 19:23:53.706] [exthost] [info] ExtensionService#_doActivateExtension vscode.merge-conflict {"startup":true,"extensionId":{"value":"vscode.merge-conflict","_lower":"vscode.merge-conflict"},"activationEvent":"*"}
[2020-09-23 19:23:53.706] [exthost] [info] ExtensionService#loadCommonJSModule file:///home/vagrant/.vscode-server/bin/58bb7b2331731bf72587010e943852e13e6fd3cf/extensions/merge-conflict/dist/mergeConflictMain
[2020-09-23 19:23:53.724] [exthost] [info] ExtensionService#_doActivateExtension vscode.search-result {"startup":true,"extensionId":{"value":"vscode.search-result","_lower":"vscode.search-result"},"activationEvent":"*"}
[2020-09-23 19:23:53.725] [exthost] [info] ExtensionService#loadCommonJSModule file:///home/vagrant/.vscode-server/bin/58bb7b2331731bf72587010e943852e13e6fd3cf/extensions/search-result/dist/extension.js
[2020-09-23 19:23:53.733] [exthost] [info] ExtensionService#_doActivateExtension ms-vscode.cpptools {"startup":true,"extensionId":{"value":"ms-vscode.cpptools","_lower":"ms-vscode.cpptools"},"activationEvent":"*"}
[2020-09-23 19:23:53.733] [exthost] [info] ExtensionService#loadCommonJSModule file:///home/vagrant/.vscode-server/extensions/ms-vscode.cpptools-1.0.1/dist/main
[2020-09-23 19:24:03.928] [exthost] [info] ExtensionService#_doActivateExtension vscode.github {"startup":true,"extensionId":{"value":"vscode.github","_lower":"vscode.github"},"activationEvent":"*"}
[2020-09-23 19:24:03.929] [exthost] [info] ExtensionService#loadCommonJSModule file:///home/vagrant/.vscode-server/bin/58bb7b2331731bf72587010e943852e13e6fd3cf/extensions/github/dist/extension.js
[2020-09-23 19:24:03.967] [exthost] [info] eager extensions activated
[2020-09-23 19:39:23.959] [exthost] [error] [ms-vscode.cpptools] provider FAILED
[2020-09-23 19:39:23.959] [exthost] [error] undefined
[2020-09-23 19:39:36.572] [exthost] [error] [ms-vscode.cpptools] provider FAILED
[2020-09-23 19:39:36.572] [exthost] [error] undefined
[2020-09-23 19:39:45.501] [exthost] [error] [ms-vscode.cpptools] provider FAILED
[2020-09-23 19:39:45.501] [exthost] [error] undefined
[2020-09-23 19:39:49.508] [exthost] [error] [ms-vscode.cpptools] provider FAILED
[2020-09-23 19:39:49.508] [exthost] [error] undefined
[2020-09-23 19:40:00.155] [exthost] [error] [ms-vscode.cpptools] provider FAILED
[2020-09-23 19:40:00.156] [exthost] [error] undefined
[2020-09-23 19:40:04.283] [exthost] [error] [ms-vscode.cpptools] provider FAILED
[2020-09-23 19:40:04.283] [exthost] [error] undefined
[2020-09-24 12:32:01.041] [exthost] [info] ExtensionService#_doActivateExtension vscode.configuration-editing {"startup":false,"extensionId":{"value":"vscode.configuration-editing","_lower":"vscode.configuration-editing"},"activationEvent":"onLanguage:jsonc"}
[2020-09-24 12:32:01.043] [exthost] [info] ExtensionService#loadCommonJSModule file:///home/vagrant/.vscode-server/bin/58bb7b2331731bf72587010e943852e13e6fd3cf/extensions/configuration-editing/dist/configurationEditingMain
[2020-09-24 12:32:01.065] [exthost] [info] ExtensionService#_doActivateExtension vscode.json-language-features {"startup":false,"extensionId":{"value":"vscode.json-language-features","_lower":"vscode.json-language-features"},"activationEvent":"onLanguage:jsonc"}
[2020-09-24 12:32:01.065] [exthost] [info] ExtensionService#loadCommonJSModule file:///home/vagrant/.vscode-server/bin/58bb7b2331731bf72587010e943852e13e6fd3cf/extensions/json-language-features/client/dist/node/jsonClientMain
[2020-09-24 12:32:01.184] [exthost] [info] ExtensionService#_doActivateExtension vscode.typescript-language-features {"startup":false,"extensionId":{"value":"vscode.typescript-language-features","_lower":"vscode.typescript-language-features"},"activationEvent":"onLanguage:jsonc"}
[2020-09-24 12:32:01.184] [exthost] [info] ExtensionService#loadCommonJSModule file:///home/vagrant/.vscode-server/bin/58bb7b2331731bf72587010e943852e13e6fd3cf/extensions/typescript-language-features/dist/extension
[2020-09-24 13:59:59.938] [exthost] [info] ExtensionService#_doActivateExtension vscode.extension-editing {"startup":false,"extensionId":{"value":"vscode.extension-editing","_lower":"vscode.extension-editing"},"activationEvent":"onLanguage:markdown"}
[2020-09-24 13:59:59.939] [exthost] [info] ExtensionService#loadCommonJSModule file:///home/vagrant/.vscode-server/bin/58bb7b2331731bf72587010e943852e13e6fd3cf/extensions/extension-editing/dist/extensionEditingMain
[2020-09-24 13:59:59.983] [exthost] [info] ExtensionService#_doActivateExtension vscode.markdown-language-features {"startup":false,"extensionId":{"value":"vscode.markdown-language-features","_lower":"vscode.markdown-language-features"},"activationEvent":"onLanguage:markdown"}
[2020-09-24 13:59:59.983] [exthost] [info] ExtensionService#loadCommonJSModule file:///home/vagrant/.vscode-server/bin/58bb7b2331731bf72587010e943852e13e6fd3cf/extensions/markdown-language-features/dist/extension
[2020-09-24 14:16:38.575] [exthost] [error] [ms-vscode.cpptools] provider FAILED
[2020-09-24 14:16:38.575] [exthost] [error] undefined
[2020-09-24 14:16:50.240] [exthost] [error] [ms-vscode.cpptools] provider FAILED
[2020-09-24 14:16:50.241] [exthost] [error] undefined
[2020-09-24 14:17:07.949] [exthost] [error] [ms-vscode.cpptools] provider FAILED
[2020-09-24 14:17:07.952] [exthost] [error] undefined
[2020-09-24 14:17:21.904] [exthost] [error] [ms-vscode.cpptools] provider FAILED
[2020-09-24 14:17:21.904] [exthost] [error] undefined
[2020-09-24 14:17:44.969] [exthost] [error] [ms-vscode.cpptools] provider FAILED
[2020-09-24 14:17:44.970] [exthost] [error] undefined
[2020-09-24 14:17:50.497] [exthost] [error] [ms-vscode.cpptools] provider FAILED
[2020-09-24 14:17:50.497] [exthost] [error] undefined
[2020-09-24 14:17:59.737] [exthost] [error] [ms-vscode.cpptools] provider FAILED
[2020-09-24 14:17:59.737] [exthost] [error] undefined
[2020-09-24 14:18:08.290] [exthost] [error] [ms-vscode.cpptools] provider FAILED
[2020-09-24 14:18:08.290] [exthost] [error] undefined
[2020-09-24 14:18:13.620] [exthost] [error] [ms-vscode.cpptools] provider FAILED
[2020-09-24 14:18:13.620] [exthost] [error] undefined
[2020-09-24 14:19:25.477] [exthost] [error] [ms-vscode.cpptools] provider FAILED
[2020-09-24 14:19:25.478] [exthost] [error] undefined
[2020-09-24 14:20:35.968] [exthost] [error] [ms-vscode.cpptools] provider FAILED
[2020-09-24 14:20:35.968] [exthost] [error] undefined
[2020-09-24 14:21:56.254] [exthost] [error] [ms-vscode.cpptools] provider FAILED
[2020-09-24 14:21:56.254] [exthost] [error] undefined
[2020-09-24 14:22:50.004] [exthost] [error] [ms-vscode.cpptools] provider FAILED
[2020-09-24 14:22:50.004] [exthost] [error] undefined
[2020-09-24 14:25:55.953] [exthost] [error] [ms-vscode.cpptools] provider FAILED
[2020-09-24 14:25:55.954] [exthost] [error] undefined
[2020-09-24 14:27:16.800] [exthost] [error] [ms-vscode.cpptools] provider FAILED
[2020-09-24 14:27:16.800] [exthost] [error] undefined
[2020-09-24 14:27:31.198] [exthost] [error] [ms-vscode.cpptools] provider FAILED
[2020-09-24 14:27:31.198] [exthost] [error] undefined
[2020-09-24 14:27:46.922] [exthost] [error] [ms-vscode.cpptools] provider FAILED
[2020-09-24 14:27:46.922] [exthost] [error] undefined
[2020-09-24 14:27:51.375] [exthost] [error] [ms-vscode.cpptools] provider FAILED
[2020-09-24 14:27:51.375] [exthost] [error] undefined
[2020-09-24 14:28:00.791] [exthost] [error] [ms-vscode.cpptools] provider FAILED
[2020-09-24 14:28:00.791] [exthost] [error] undefined
[2020-09-24 14:28:19.060] [exthost] [error] [ms-vscode.cpptools] provider FAILED
[2020-09-24 14:28:19.061] [exthost] [error] undefined
[2020-09-24 14:28:52.718] [exthost] [error] [ms-vscode.cpptools] provider FAILED
[2020-09-24 14:28:52.718] [exthost] [error] undefined
[2020-09-24 14:29:04.302] [exthost] [error] [ms-vscode.cpptools] provider FAILED
[2020-09-24 14:29:04.302] [exthost] [error] undefined
[2020-09-24 14:29:48.226] [exthost] [error] [ms-vscode.cpptools] provider FAILED
[2020-09-24 14:29:48.226] [exthost] [error] undefined
[2020-09-24 14:29:58.643] [exthost] [error] [ms-vscode.cpptools] provider FAILED
[2020-09-24 14:29:58.643] [exthost] [error] undefined
[2020-09-24 14:30:05.128] [exthost] [error] [ms-vscode.cpptools] provider FAILED
[2020-09-24 14:30:05.129] [exthost] [error] undefined
[2020-09-24 14:30:34.493] [exthost] [error] [ms-vscode.cpptools] provider FAILED
[2020-09-24 14:30:34.493] [exthost] [error] undefined
[2020-09-24 14:30:57.547] [exthost] [error] [ms-vscode.cpptools] provider FAILED
[2020-09-24 14:30:57.548] [exthost] [error] undefined
[2020-09-24 14:31:03.166] [exthost] [error] [ms-vscode.cpptools] provider FAILED
[2020-09-24 14:31:03.166] [exthost] [error] undefined
[2020-09-24 14:31:15.251] [exthost] [error] [ms-vscode.cpptools] provider FAILED
[2020-09-24 14:31:15.251] [exthost] [error] undefined
[2020-09-24 14:31:47.082] [exthost] [error] [ms-vscode.cpptools] provider FAILED
[2020-09-24 14:31:47.082] [exthost] [error] undefined
[2020-09-24 14:31:53.111] [exthost] [error] [ms-vscode.cpptools] provider FAILED
[2020-09-24 14:31:53.111] [exthost] [error] undefined
[2020-09-24 14:32:41.445] [exthost] [error] [ms-vscode.cpptools] provider FAILED
[2020-09-24 14:32:41.445] [exthost] [error] undefined
[2020-09-24 14:36:44.359] [exthost] [error] [ms-vscode.cpptools] provider FAILED
[2020-09-24 14:36:44.359] [exthost] [error] undefined
[2020-09-24 14:36:54.847] [exthost] [error] [ms-vscode.cpptools] provider FAILED
[2020-09-24 14:36:54.847] [exthost] [error] undefined
[2020-09-24 14:37:00.527] [exthost] [error] [ms-vscode.cpptools] provider FAILED
[2020-09-24 14:37:00.527] [exthost] [error] undefined
[2020-09-24 14:37:38.010] [exthost] [error] [ms-vscode.cpptools] provider FAILED
[2020-09-24 14:37:38.011] [exthost] [error] undefined
[2020-09-24 14:39:11.121] [exthost] [error] [ms-vscode.cpptools] provider FAILED
[2020-09-24 14:39:11.121] [exthost] [error] undefined
[2020-09-24 14:40:17.204] [exthost] [error] [ms-vscode.cpptools] provider FAILED
[2020-09-24 14:40:17.204] [exthost] [error] undefined
[2020-09-24 14:42:36.286] [exthost] [error] [ms-vscode.cpptools] provider FAILED
[2020-09-24 14:42:36.286] [exthost] [error] undefined
[2020-09-24 14:42:47.703] [exthost] [error] [ms-vscode.cpptools] provider FAILED
[2020-09-24 14:42:47.704] [exthost] [error] undefined
[2020-09-24 14:43:08.575] [exthost] [error] [ms-vscode.cpptools] provider FAILED
[2020-09-24 14:43:08.575] [exthost] [error] undefined
[2020-09-24 14:43:12.789] [exthost] [error] [ms-vscode.cpptools] provider FAILED
[2020-09-24 14:43:12.789] [exthost] [error] undefined
[2020-09-24 14:43:34.572] [exthost] [error] [ms-vscode.cpptools] provider FAILED
[2020-09-24 14:43:34.573] [exthost] [error] undefined
[2020-09-24 14:43:55.488] [exthost] [error] [ms-vscode.cpptools] provider FAILED
[2020-09-24 14:43:55.489] [exthost] [error] undefined
[2020-09-24 14:44:16.701] [exthost] [error] [ms-vscode.cpptools] provider FAILED
[2020-09-24 14:44:16.701] [exthost] [error] undefined
[2020-09-24 14:44:24.869] [exthost] [error] [ms-vscode.cpptools] provider FAILED
[2020-09-24 14:44:24.870] [exthost] [error] undefined
[2020-09-24 14:44:29.006] [exthost] [error] [ms-vscode.cpptools] provider FAILED
[2020-09-24 14:44:29.006] [exthost] [error] undefined
[2020-09-24 14:44:46.667] [exthost] [error] [ms-vscode.cpptools] provider FAILED
[2020-09-24 14:44:46.667] [exthost] [error] undefined
[2020-09-24 14:44:57.221] [exthost] [error] [ms-vscode.cpptools] provider FAILED
[2020-09-24 14:44:57.221] [exthost] [error] undefined
[2020-09-24 14:44:59.274] [exthost] [error] [ms-vscode.cpptools] provider FAILED
[2020-09-24 14:44:59.274] [exthost] [error] undefined
[2020-09-24 14:45:44.237] [exthost] [error] [ms-vscode.cpptools] provider FAILED
[2020-09-24 14:45:44.237] [exthost] [error] undefined
[2020-09-24 14:46:05.948] [exthost] [error] [ms-vscode.cpptools] provider FAILED
[2020-09-24 14:46:05.948] [exthost] [error] undefined
[2020-09-24 14:46:13.568] [exthost] [error] [ms-vscode.cpptools] provider FAILED
[2020-09-24 14:46:13.568] [exthost] [error] undefined
[2020-09-24 14:48:59.192] [exthost] [error] [ms-vscode.cpptools] provider FAILED
[2020-09-24 14:48:59.192] [exthost] [error] undefined
[2020-09-24 14:50:56.139] [exthost] [error] [ms-vscode.cpptools] provider FAILED
[2020-09-24 14:50:56.139] [exthost] [error] undefined
[2020-09-24 14:51:48.623] [exthost] [error] [ms-vscode.cpptools] provider FAILED
[2020-09-24 14:51:48.623] [exthost] [error] undefined
[2020-09-24 14:52:07.657] [exthost] [error] [ms-vscode.cpptools] provider FAILED
[2020-09-24 14:52:07.657] [exthost] [error] undefined
[2020-09-24 14:52:17.303] [exthost] [error] [ms-vscode.cpptools] provider FAILED
[2020-09-24 14:52:17.303] [exthost] [error] undefined
[2020-09-24 14:53:19.272] [exthost] [error] [ms-vscode.cpptools] provider FAILED
[2020-09-24 14:53:19.272] [exthost] [error] undefined
[2020-09-24 14:53:28.172] [exthost] [error] [ms-vscode.cpptools] provider FAILED
[2020-09-24 14:53:28.172] [exthost] [error] undefined
[2020-09-24 14:53:35.574] [exthost] [warning] ms-vscode.cpptools - Code actions of kind 'quickfix 'requested but returned code action does not have a 'kind'. Code action will be dropped. Please set 'CodeAction.kind'.
[2020-09-24 14:53:35.574] [exthost] [warning] ms-vscode.cpptools - Code actions of kind 'quickfix 'requested but returned code action does not have a 'kind'. Code action will be dropped. Please set 'CodeAction.kind'.
[2020-09-24 14:53:37.770] [exthost] [warning] ms-vscode.cpptools - Code actions of kind 'quickfix 'requested but returned code action does not have a 'kind'. Code action will be dropped. Please set 'CodeAction.kind'.
[2020-09-24 14:53:37.770] [exthost] [warning] ms-vscode.cpptools - Code actions of kind 'quickfix 'requested but returned code action does not have a 'kind'. Code action will be dropped. Please set 'CodeAction.kind'.
[2020-09-24 14:53:50.999] [exthost] [error] [ms-vscode.cpptools] provider FAILED
[2020-09-24 14:53:50.999] [exthost] [error] undefined
[2020-09-24 14:53:59.612] [exthost] [error] [ms-vscode.cpptools] provider FAILED
[2020-09-24 14:53:59.612] [exthost] [error] undefined
[2020-09-24 14:57:29.859] [exthost] [error] [ms-vscode.cpptools] provider FAILED
[2020-09-24 14:57:29.859] [exthost] [error] undefined
[2020-09-24 15:00:46.625] [exthost] [error] [ms-vscode.cpptools] provider FAILED
[2020-09-24 15:00:46.625] [exthost] [error] undefined
[2020-09-24 17:10:13.337] [exthost] [error] [ms-vscode.cpptools] provider FAILED
[2020-09-24 17:10:13.338] [exthost] [error] undefined
[2020-09-24 17:10:34.293] [exthost] [error] [ms-vscode.cpptools] provider FAILED
[2020-09-24 17:10:34.293] [exthost] [error] undefined
[2020-09-24 17:19:37.350] [exthost] [error] [ms-vscode.cpptools] provider FAILED
[2020-09-24 17:19:37.350] [exthost] [error] undefined
[2020-09-24 17:21:33.761] [exthost] [error] [ms-vscode.cpptools] provider FAILED
[2020-09-24 17:21:33.761] [exthost] [error] undefined
[2020-09-24 17:21:38.162] [exthost] [error] [ms-vscode.cpptools] provider FAILED
[2020-09-24 17:21:38.162] [exthost] [error] undefined
[2020-09-24 17:21:42.294] [exthost] [error] [ms-vscode.cpptools] provider FAILED
[2020-09-24 17:21:42.294] [exthost] [error] undefined
[2020-09-24 17:22:05.400] [exthost] [error] [ms-vscode.cpptools] provider FAILED
[2020-09-24 17:22:05.401] [exthost] [error] undefined
[2020-09-24 17:22:18.107] [exthost] [error] [ms-vscode.cpptools] provider FAILED
[2020-09-24 17:22:18.107] [exthost] [error] undefined
[2020-09-24 17:22:26.728] [exthost] [error] [ms-vscode.cpptools] provider FAILED
[2020-09-24 17:22:26.728] [exthost] [error] undefined
[2020-09-24 17:22:43.299] [exthost] [error] [ms-vscode.cpptools] provider FAILED
[2020-09-24 17:22:43.299] [exthost] [error] undefined
[2020-09-24 17:22:57.801] [exthost] [error] [ms-vscode.cpptools] provider FAILED
[2020-09-24 17:22:57.801] [exthost] [error] undefined
[2020-09-24 17:23:06.214] [exthost] [error] [ms-vscode.cpptools] provider FAILED
[2020-09-24 17:23:06.214] [exthost] [error] undefined
[2020-09-24 17:23:10.377] [exthost] [error] [ms-vscode.cpptools] provider FAILED
[2020-09-24 17:23:10.377] [exthost] [error] undefined
[2020-09-24 17:25:41.975] [exthost] [error] [ms-vscode.cpptools] provider FAILED
[2020-09-24 17:25:41.976] [exthost] [error] undefined
[2020-09-24 17:25:48.744] [exthost] [error] [ms-vscode.cpptools] provider FAILED
[2020-09-24 17:25:48.744] [exthost] [error] undefined
[2020-09-24 17:30:43.460] [exthost] [error] [ms-vscode.cpptools] provider FAILED
[2020-09-24 17:30:43.461] [exthost] [error] undefined
[2020-09-24 17:31:12.841] [exthost] [error] [ms-vscode.cpptools] provider FAILED
[2020-09-24 17:31:12.842] [exthost] [error] undefined
[2020-09-24 17:31:17.137] [exthost] [error] [ms-vscode.cpptools] provider FAILED
[2020-09-24 17:31:17.138] [exthost] [error] undefined
[2020-09-24 17:31:28.724] [exthost] [error] [ms-vscode.cpptools] provider FAILED
[2020-09-24 17:31:28.725] [exthost] [error] undefined
[2020-09-24 17:31:53.994] [exthost] [error] [ms-vscode.cpptools] provider FAILED
[2020-09-24 17:31:53.996] [exthost] [error] undefined
[2020-09-24 17:31:58.254] [exthost] [error] [ms-vscode.cpptools] provider FAILED
[2020-09-24 17:31:58.254] [exthost] [error] undefined
[2020-09-24 17:32:44.021] [exthost] [error] [ms-vscode.cpptools] provider FAILED
[2020-09-24 17:32:44.021] [exthost] [error] undefined
[2020-09-24 17:32:53.614] [exthost] [error] [ms-vscode.cpptools] provider FAILED
[2020-09-24 17:32:53.614] [exthost] [error] undefined
[2020-09-24 17:33:01.205] [exthost] [error] [ms-vscode.cpptools] provider FAILED
[2020-09-24 17:33:01.205] [exthost] [error] undefined
[2020-09-24 17:33:22.459] [exthost] [error] [ms-vscode.cpptools] provider FAILED
[2020-09-24 17:33:22.459] [exthost] [error] undefined
[2020-09-24 17:33:31.604] [exthost] [error] [ms-vscode.cpptools] provider FAILED
[2020-09-24 17:33:31.605] [exthost] [error] undefined
[2020-09-24 17:33:46.226] [exthost] [error] [ms-vscode.cpptools] provider FAILED
[2020-09-24 17:33:46.226] [exthost] [error] undefined
[2020-09-24 17:33:52.392] [exthost] [error] [ms-vscode.cpptools] provider FAILED
[2020-09-24 17:33:52.392] [exthost] [error] undefined
[2020-09-24 17:33:56.966] [exthost] [error] [ms-vscode.cpptools] provider FAILED
[2020-09-24 17:33:56.966] [exthost] [error] undefined
[2020-09-24 17:34:04.969] [exthost] [error] [ms-vscode.cpptools] provider FAILED
[2020-09-24 17:34:04.969] [exthost] [error] undefined
[2020-09-24 17:34:11.670] [exthost] [error] [ms-vscode.cpptools] provider FAILED
[2020-09-24 17:34:11.670] [exthost] [error] undefined
[2020-09-24 17:34:17.495] [exthost] [error] [ms-vscode.cpptools] provider FAILED
[2020-09-24 17:34:17.495] [exthost] [error] undefined
[2020-09-24 17:34:23.970] [exthost] [error] [ms-vscode.cpptools] provider FAILED
[2020-09-24 17:34:23.970] [exthost] [error] undefined
[2020-09-24 17:34:30.450] [exthost] [error] [ms-vscode.cpptools] provider FAILED
[2020-09-24 17:34:30.450] [exthost] [error] undefined
[2020-09-24 17:34:49.662] [exthost] [error] [ms-vscode.cpptools] provider FAILED
[2020-09-24 17:34:49.662] [exthost] [error] undefined
[2020-09-24 17:34:58.425] [exthost] [error] [ms-vscode.cpptools] provider FAILED
[2020-09-24 17:34:58.425] [exthost] [error] undefined
[2020-09-24 17:36:48.131] [exthost] [error] [ms-vscode.cpptools] provider FAILED
[2020-09-24 17:36:48.131] [exthost] [error] undefined
[2020-09-24 17:38:13.089] [exthost] [error] [ms-vscode.cpptools] provider FAILED
[2020-09-24 17:38:13.090] [exthost] [error] undefined
[2020-09-24 17:38:16.764] [exthost] [error] [ms-vscode.cpptools] provider FAILED
[2020-09-24 17:38:16.764] [exthost] [error] undefined
[2020-09-24 17:39:04.033] [exthost] [error] [ms-vscode.cpptools] provider FAILED
[2020-09-24 17:39:04.033] [exthost] [error] undefined
[2020-09-24 17:45:25.602] [exthost] [error] [ms-vscode.cpptools] provider FAILED
[2020-09-24 17:45:25.605] [exthost] [error] undefined
[2020-09-24 17:46:17.436] [exthost] [error] [ms-vscode.cpptools] provider FAILED
[2020-09-24 17:46:17.436] [exthost] [error] undefined
[2020-09-24 17:46:40.148] [exthost] [error] [ms-vscode.cpptools] provider FAILED
[2020-09-24 17:46:40.149] [exthost] [error] undefined
[2020-09-24 17:46:47.210] [exthost] [error] [ms-vscode.cpptools] provider FAILED
[2020-09-24 17:46:47.211] [exthost] [error] undefined
[2020-09-24 17:46:49.544] [exthost] [error] [ms-vscode.cpptools] provider FAILED
[2020-09-24 17:46:49.548] [exthost] [error] undefined
[2020-09-24 17:46:56.607] [exthost] [error] [ms-vscode.cpptools] provider FAILED
[2020-09-24 17:46:56.607] [exthost] [error] undefined
[2020-09-24 17:47:07.185] [exthost] [error] [ms-vscode.cpptools] provider FAILED
[2020-09-24 17:47:07.185] [exthost] [error] undefined
[2020-09-24 17:47:19.982] [exthost] [error] [ms-vscode.cpptools] provider FAILED
[2020-09-24 17:47:19.982] [exthost] [error] undefined
[2020-09-24 17:47:24.057] [exthost] [error] [ms-vscode.cpptools] provider FAILED
[2020-09-24 17:47:24.057] [exthost] [error] undefined
[2020-09-24 17:47:39.101] [exthost] [error] [ms-vscode.cpptools] provider FAILED
[2020-09-24 17:47:39.101] [exthost] [error] undefined
[2020-09-24 17:47:47.722] [exthost] [error] [ms-vscode.cpptools] provider FAILED
[2020-09-24 17:47:47.723] [exthost] [error] undefined
[2020-09-24 17:48:04.309] [exthost] [error] [ms-vscode.cpptools] provider FAILED
[2020-09-24 17:48:04.311] [exthost] [error] undefined
[2020-09-24 17:48:09.182] [exthost] [error] [ms-vscode.cpptools] provider FAILED
[2020-09-24 17:48:09.184] [exthost] [error] undefined
[2020-09-24 17:48:22.072] [exthost] [error] [ms-vscode.cpptools] provider FAILED
[2020-09-24 17:48:22.072] [exthost] [error] undefined
[2020-09-24 17:48:30.470] [exthost] [error] [ms-vscode.cpptools] provider FAILED
[2020-09-24 17:48:30.470] [exthost] [error] undefined
[2020-09-24 17:48:35.806] [exthost] [error] [ms-vscode.cpptools] provider FAILED
[2020-09-24 17:48:35.808] [exthost] [error] undefined
[2020-09-24 17:48:49.152] [exthost] [error] [ms-vscode.cpptools] provider FAILED
[2020-09-24 17:48:49.153] [exthost] [error] undefined
[2020-09-24 17:49:07.190] [exthost] [error] [ms-vscode.cpptools] provider FAILED
[2020-09-24 17:49:07.190] [exthost] [error] undefined
[2020-09-24 17:49:30.511] [exthost] [error] [ms-vscode.cpptools] provider FAILED
[2020-09-24 17:49:30.511] [exthost] [error] undefined
[2020-09-24 17:49:36.999] [exthost] [error] [ms-vscode.cpptools] provider FAILED
[2020-09-24 17:49:36.999] [exthost] [error] undefined
[2020-09-24 17:49:43.654] [exthost] [error] [ms-vscode.cpptools] provider FAILED
[2020-09-24 17:49:43.654] [exthost] [error] undefined
[2020-09-24 17:49:58.353] [exthost] [error] [ms-vscode.cpptools] provider FAILED
[2020-09-24 17:49:58.354] [exthost] [error] undefined
[2020-09-24 17:50:07.192] [exthost] [error] [ms-vscode.cpptools] provider FAILED
[2020-09-24 17:50:07.193] [exthost] [error] undefined
[2020-09-24 17:50:13.117] [exthost] [error] [ms-vscode.cpptools] provider FAILED
[2020-09-24 17:50:13.117] [exthost] [error] undefined
[2020-09-24 17:50:17.421] [exthost] [error] [ms-vscode.cpptools] provider FAILED
[2020-09-24 17:50:17.421] [exthost] [error] undefined
[2020-09-24 18:29:50.129] [exthost] [error] [ms-vscode.cpptools] provider FAILED
[2020-09-24 18:29:50.130] [exthost] [error] undefined
[2020-09-24 18:30:10.462] [exthost] [error] [ms-vscode.cpptools] provider FAILED
[2020-09-24 18:30:10.462] [exthost] [error] undefined
[2020-09-24 18:30:27.813] [exthost] [error] [ms-vscode.cpptools] provider FAILED
[2020-09-24 18:30:27.813] [exthost] [error] undefined
[2020-09-24 18:31:00.242] [exthost] [error] [ms-vscode.cpptools] provider FAILED
[2020-09-24 18:31:00.242] [exthost] [error] undefined
[2020-09-24 18:31:14.502] [exthost] [error] [ms-vscode.cpptools] provider FAILED
[2020-09-24 18:31:14.502] [exthost] [error] undefined
[2020-09-24 18:32:51.714] [exthost] [error] [ms-vscode.cpptools] provider FAILED
[2020-09-24 18:32:51.714] [exthost] [error] undefined
[2020-09-24 18:33:09.836] [exthost] [error] [ms-vscode.cpptools] provider FAILED
[2020-09-24 18:33:09.836] [exthost] [error] undefined
[2020-09-24 18:33:29.431] [exthost] [error] [ms-vscode.cpptools] provider FAILED
[2020-09-24 18:33:29.431] [exthost] [error] undefined
[2020-09-24 18:34:56.600] [exthost] [error] [ms-vscode.cpptools] provider FAILED
[2020-09-24 18:34:56.600] [exthost] [error] undefined
[2020-09-24 18:35:16.538] [exthost] [error] [ms-vscode.cpptools] provider FAILED
[2020-09-24 18:35:16.538] [exthost] [error] undefined
[2020-09-24 18:35:38.607] [exthost] [error] [ms-vscode.cpptools] provider FAILED
[2020-09-24 18:35:38.607] [exthost] [error] undefined
[2020-09-24 18:47:42.870] [exthost] [error] [ms-vscode.cpptools] provider FAILED
[2020-09-24 18:47:42.870] [exthost] [error] undefined
[2020-09-24 18:49:32.855] [exthost] [error] [ms-vscode.cpptools] provider FAILED
[2020-09-24 18:49:32.855] [exthost] [error] undefined
[2020-09-24 19:07:09.690] [exthost] [error] [ms-vscode.cpptools] provider FAILED
[2020-09-24 19:07:09.690] [exthost] [error] undefined
[2020-09-24 19:07:24.325] [exthost] [error] [ms-vscode.cpptools] provider FAILED
[2020-09-24 19:07:24.325] [exthost] [error] undefined
[2020-09-24 19:07:37.582] [exthost] [error] [ms-vscode.cpptools] provider FAILED
[2020-09-24 19:07:37.582] [exthost] [error] undefined
[2020-09-24 19:07:42.755] [exthost] [error] [ms-vscode.cpptools] provider FAILED
[2020-09-24 19:07:42.755] [exthost] [error] undefined
[2020-09-24 19:07:47.106] [exthost] [error] [ms-vscode.cpptools] provider FAILED
[2020-09-24 19:07:47.106] [exthost] [error] undefined
[2020-09-24 19:08:01.609] [exthost] [error] [ms-vscode.cpptools] provider FAILED
[2020-09-24 19:08:01.609] [exthost] [error] undefined
[2020-09-24 19:11:52.566] [exthost] [error] [ms-vscode.cpptools] provider FAILED
[2020-09-24 19:11:52.567] [exthost] [error] undefined
[2020-09-24 19:13:27.152] [exthost] [error] [ms-vscode.cpptools] provider FAILED
[2020-09-24 19:13:27.153] [exthost] [error] undefined
[2020-09-24 19:15:09.306] [exthost] [error] [ms-vscode.cpptools] provider FAILED
[2020-09-24 19:15:09.306] [exthost] [error] undefined
[2020-09-24 19:15:40.910] [exthost] [error] [ms-vscode.cpptools] provider FAILED
[2020-09-24 19:15:40.911] [exthost] [error] undefined
[2020-09-24 19:15:49.078] [exthost] [error] [ms-vscode.cpptools] provider FAILED
[2020-09-24 19:15:49.079] [exthost] [error] undefined
[2020-09-24 19:15:53.303] [exthost] [error] [ms-vscode.cpptools] provider FAILED
[2020-09-24 19:15:53.303] [exthost] [error] undefined
[2020-09-24 19:16:01.245] [exthost] [error] [ms-vscode.cpptools] provider FAILED
[2020-09-24 19:16:01.246] [exthost] [error] undefined
[2020-09-24 19:16:16.656] [exthost] [error] [ms-vscode.cpptools] provider FAILED
[2020-09-24 19:16:16.656] [exthost] [error] undefined
[2020-09-24 19:16:35.760] [exthost] [error] [ms-vscode.cpptools] provider FAILED
[2020-09-24 19:16:35.760] [exthost] [error] undefined
[2020-09-24 19:16:43.744] [exthost] [error] [ms-vscode.cpptools] provider FAILED
[2020-09-24 19:16:43.744] [exthost] [error] undefined
[2020-09-24 19:16:58.465] [exthost] [error] [ms-vscode.cpptools] provider FAILED
[2020-09-24 19:16:58.465] [exthost] [error] undefined
[2020-09-24 19:19:59.786] [exthost] [error] [ms-vscode.cpptools] provider FAILED
[2020-09-24 19:19:59.786] [exthost] [error] undefined
[2020-09-24 19:20:10.069] [exthost] [error] [ms-vscode.cpptools] provider FAILED
[2020-09-24 19:20:10.069] [exthost] [error] undefined
[2020-09-24 19:20:59.294] [exthost] [error] [ms-vscode.cpptools] provider FAILED
[2020-09-24 19:20:59.294] [exthost] [error] undefined
[2020-09-24 19:21:05.312] [exthost] [error] [ms-vscode.cpptools] provider FAILED
[2020-09-24 19:21:05.312] [exthost] [error] undefined
[2020-09-24 19:21:35.252] [exthost] [error] [ms-vscode.cpptools] provider FAILED
[2020-09-24 19:21:35.253] [exthost] [error] undefined
[2020-09-24 19:21:40.443] [exthost] [error] [ms-vscode.cpptools] provider FAILED
[2020-09-24 19:21:40.444] [exthost] [error] undefined
[2020-09-24 19:21:41.827] [exthost] [error] [ms-vscode.cpptools] provider FAILED
[2020-09-24 19:21:41.827] [exthost] [error] undefined
[2020-09-24 19:29:09.677] [exthost] [error] [ms-vscode.cpptools] provider FAILED
[2020-09-24 19:29:09.677] [exthost] [error] undefined
[2020-09-24 19:29:55.500] [exthost] [error] [ms-vscode.cpptools] provider FAILED
[2020-09-24 19:29:55.500] [exthost] [error] undefined
[2020-09-24 19:30:16.717] [exthost] [error] [ms-vscode.cpptools] provider FAILED
[2020-09-24 19:30:16.717] [exthost] [error] undefined
[2020-09-24 19:30:26.479] [exthost] [error] [ms-vscode.cpptools] provider FAILED
[2020-09-24 19:30:26.479] [exthost] [error] undefined
[2020-09-24 19:30:28.238] [exthost] [error] [ms-vscode.cpptools] provider FAILED
[2020-09-24 19:30:28.238] [exthost] [error] undefined
[2020-09-24 19:30:31.490] [exthost] [error] [ms-vscode.cpptools] provider FAILED
[2020-09-24 19:30:31.490] [exthost] [error] undefined
[2020-09-24 19:30:37.353] [exthost] [error] [ms-vscode.cpptools] provider FAILED
[2020-09-24 19:30:37.353] [exthost] [error] undefined
[2020-09-24 19:30:41.780] [exthost] [error] [ms-vscode.cpptools] provider FAILED
[2020-09-24 19:30:41.781] [exthost] [error] undefined
[2020-09-24 19:31:15.469] [exthost] [warning] ms-vscode.cpptools - Code actions of kind 'quickfix 'requested but returned code action does not have a 'kind'. Code action will be dropped. Please set 'CodeAction.kind'.
[2020-09-24 19:31:15.469] [exthost] [warning] ms-vscode.cpptools - Code actions of kind 'quickfix 'requested but returned code action does not have a 'kind'. Code action will be dropped. Please set 'CodeAction.kind'.
[2020-09-24 19:31:27.053] [exthost] [warning] ms-vscode.cpptools - Code actions of kind 'quickfix 'requested but returned code action does not have a 'kind'. Code action will be dropped. Please set 'CodeAction.kind'.
[2020-09-24 19:31:27.053] [exthost] [warning] ms-vscode.cpptools - Code actions of kind 'quickfix 'requested but returned code action does not have a 'kind'. Code action will be dropped. Please set 'CodeAction.kind'.
[2020-09-24 19:31:52.510] [exthost] [error] [ms-vscode.cpptools] provider FAILED
[2020-09-24 19:31:52.511] [exthost] [error] undefined
[2020-09-24 19:32:01.191] [exthost] [error] [ms-vscode.cpptools] provider FAILED
[2020-09-24 19:32:01.191] [exthost] [error] undefined
[2020-09-24 19:32:07.503] [exthost] [error] [ms-vscode.cpptools] provider FAILED
[2020-09-24 19:32:07.503] [exthost] [error] undefined
[2020-09-24 19:33:51.861] [exthost] [error] [ms-vscode.cpptools] provider FAILED
[2020-09-24 19:33:51.861] [exthost] [error] undefined
[2020-09-24 19:33:53.954] [exthost] [warning] ms-vscode.cpptools - Code actions of kind 'quickfix 'requested but returned code action does not have a 'kind'. Code action will be dropped. Please set 'CodeAction.kind'.
[2020-09-24 19:33:53.954] [exthost] [warning] ms-vscode.cpptools - Code actions of kind 'quickfix 'requested but returned code action does not have a 'kind'. Code action will be dropped. Please set 'CodeAction.kind'.
[2020-09-24 19:33:59.740] [exthost] [error] [ms-vscode.cpptools] provider FAILED
[2020-09-24 19:33:59.740] [exthost] [error] undefined
[2020-09-24 19:34:03.307] [exthost] [error] [ms-vscode.cpptools] provider FAILED
[2020-09-24 19:34:03.308] [exthost] [error] undefined
[2020-09-24 19:34:16.742] [exthost] [error] [ms-vscode.cpptools] provider FAILED
[2020-09-24 19:34:16.742] [exthost] [error] undefined
[2020-09-24 19:34:31.418] [exthost] [error] [ms-vscode.cpptools] provider FAILED
[2020-09-24 19:34:31.418] [exthost] [error] undefined
[2020-09-24 19:34:36.782] [exthost] [error] [ms-vscode.cpptools] provider FAILED
[2020-09-24 19:34:36.782] [exthost] [error] undefined
[2020-09-24 19:34:52.345] [exthost] [error] [ms-vscode.cpptools] provider FAILED
[2020-09-24 19:34:52.345] [exthost] [error] undefined
[2020-09-24 19:34:53.357] [exthost] [error] [ms-vscode.cpptools] provider FAILED
[2020-09-24 19:34:53.358] [exthost] [error] undefined
[2020-09-24 19:34:57.026] [exthost] [error] [ms-vscode.cpptools] provider FAILED
[2020-09-24 19:34:57.026] [exthost] [error] undefined
[2020-09-24 19:38:23.634] [exthost] [error] [ms-vscode.cpptools] provider FAILED
[2020-09-24 19:38:23.635] [exthost] [error] undefined
[2020-09-24 19:39:56.353] [exthost] [error] [ms-vscode.cpptools] provider FAILED
[2020-09-24 19:39:56.354] [exthost] [error] undefined
[2020-09-24 20:25:20.617] [exthost] [error] [ms-vscode.cpptools] provider FAILED
[2020-09-24 20:25:20.618] [exthost] [error] undefined
[2020-09-24 20:25:25.700] [exthost] [error] [ms-vscode.cpptools] provider FAILED
[2020-09-24 20:25:25.701] [exthost] [error] undefined
[2020-09-24 20:25:57.025] [exthost] [error] [ms-vscode.cpptools] provider FAILED
[2020-09-24 20:25:57.025] [exthost] [error] undefined
[2020-09-24 20:26:03.038] [exthost] [error] [ms-vscode.cpptools] provider FAILED
[2020-09-24 20:26:03.038] [exthost] [error] undefined
[2020-09-24 20:26:09.398] [exthost] [error] [ms-vscode.cpptools] provider FAILED
[2020-09-24 20:26:09.398] [exthost] [error] undefined
[2020-09-24 20:26:16.322] [exthost] [error] [ms-vscode.cpptools] provider FAILED
[2020-09-24 20:26:16.322] [exthost] [error] undefined
[2020-09-24 20:26:23.914] [exthost] [error] [ms-vscode.cpptools] provider FAILED
[2020-09-24 20:26:23.914] [exthost] [error] undefined
[2020-09-24 20:26:30.186] [exthost] [error] [ms-vscode.cpptools] provider FAILED
[2020-09-24 20:26:30.186] [exthost] [error] undefined
[2020-09-24 20:26:38.501] [exthost] [error] [ms-vscode.cpptools] provider FAILED
[2020-09-24 20:26:38.501] [exthost] [error] undefined
[2020-09-24 20:26:51.282] [exthost] [error] [ms-vscode.cpptools] provider FAILED
[2020-09-24 20:26:51.283] [exthost] [error] undefined
[2020-09-24 20:26:58.656] [exthost] [error] [ms-vscode.cpptools] provider FAILED
[2020-09-24 20:26:58.656] [exthost] [error] undefined
[2020-09-24 20:27:14.907] [exthost] [error] [ms-vscode.cpptools] provider FAILED
[2020-09-24 20:27:14.907] [exthost] [error] undefined
[2020-09-24 20:27:18.920] [exthost] [error] [ms-vscode.cpptools] provider FAILED
[2020-09-24 20:27:18.920] [exthost] [error] undefined
[2020-09-24 20:27:40.972] [exthost] [error] [ms-vscode.cpptools] provider FAILED
[2020-09-24 20:27:40.972] [exthost] [error] undefined
[2020-09-24 20:27:48.979] [exthost] [error] [ms-vscode.cpptools] provider FAILED
[2020-09-24 20:27:48.979] [exthost] [error] undefined
[2020-09-24 20:31:44.422] [exthost] [error] [ms-vscode.cpptools] provider FAILED
[2020-09-24 20:31:44.422] [exthost] [error] undefined
[2020-09-24 20:42:33.346] [exthost] [error] [ms-vscode.cpptools] provider FAILED
[2020-09-24 20:42:33.346] [exthost] [error] undefined
[2020-09-24 20:42:41.835] [exthost] [error] [ms-vscode.cpptools] provider FAILED
[2020-09-24 20:42:41.836] [exthost] [error] undefined
[2020-09-24 20:42:58.773] [exthost] [error] [ms-vscode.cpptools] provider FAILED
[2020-09-24 20:42:58.773] [exthost] [error] undefined
[2020-09-24 20:43:13.340] [exthost] [error] [ms-vscode.cpptools] provider FAILED
[2020-09-24 20:43:13.341] [exthost] [error] undefined
[2020-09-24 20:44:05.080] [exthost] [error] [ms-vscode.cpptools] provider FAILED
[2020-09-24 20:44:05.081] [exthost] [error] undefined
[2020-09-24 20:44:15.007] [exthost] [error] [ms-vscode.cpptools] provider FAILED
[2020-09-24 20:44:15.008] [exthost] [error] undefined
[2020-09-24 20:44:19.993] [exthost] [error] [ms-vscode.cpptools] provider FAILED
[2020-09-24 20:44:19.993] [exthost] [error] undefined
[2020-09-24 20:44:34.323] [exthost] [error] [ms-vscode.cpptools] provider FAILED
[2020-09-24 20:44:34.323] [exthost] [error] undefined
[2020-09-24 20:44:42.785] [exthost] [error] [ms-vscode.cpptools] provider FAILED
[2020-09-24 20:44:42.785] [exthost] [error] undefined
[2020-09-24 20:44:51.432] [exthost] [error] [ms-vscode.cpptools] provider FAILED
[2020-09-24 20:44:51.432] [exthost] [error] undefined
[2020-09-24 20:44:53.547] [exthost] [error] [ms-vscode.cpptools] provider FAILED
[2020-09-24 20:44:53.547] [exthost] [error] undefined
[2020-09-24 20:45:04.176] [exthost] [error] [ms-vscode.cpptools] provider FAILED
[2020-09-24 20:45:04.176] [exthost] [error] undefined
[2020-09-24 20:45:12.316] [exthost] [error] [ms-vscode.cpptools] provider FAILED
[2020-09-24 20:45:12.316] [exthost] [error] undefined
[2020-09-24 20:45:16.424] [exthost] [error] [ms-vscode.cpptools] provider FAILED
[2020-09-24 20:45:16.424] [exthost] [error] undefined
[2020-09-24 20:45:24.677] [exthost] [error] [ms-vscode.cpptools] provider FAILED
[2020-09-24 20:45:24.677] [exthost] [error] undefined
[2020-09-24 20:45:31.158] [exthost] [error] [ms-vscode.cpptools] provider FAILED
[2020-09-24 20:45:31.158] [exthost] [error] undefined
[2020-09-24 20:45:35.461] [exthost] [error] [ms-vscode.cpptools] provider FAILED
[2020-09-24 20:45:35.461] [exthost] [error] undefined
[2020-09-24 20:45:52.505] [exthost] [error] [ms-vscode.cpptools] provider FAILED
[2020-09-24 20:45:52.505] [exthost] [error] undefined
[2020-09-24 20:46:02.794] [exthost] [error] [ms-vscode.cpptools] provider FAILED
[2020-09-24 20:46:02.794] [exthost] [error] undefined
[2020-09-24 20:46:12.051] [exthost] [error] [ms-vscode.cpptools] provider FAILED
[2020-09-24 20:46:12.051] [exthost] [error] undefined
[2020-09-24 20:46:30.769] [exthost] [error] [ms-vscode.cpptools] provider FAILED
[2020-09-24 20:46:30.769] [exthost] [error] undefined
[2020-09-24 20:46:34.819] [exthost] [error] [ms-vscode.cpptools] provider FAILED
[2020-09-24 20:46:34.819] [exthost] [error] undefined
[2020-09-24 20:46:39.050] [exthost] [error] [ms-vscode.cpptools] provider FAILED
[2020-09-24 20:46:39.050] [exthost] [error] undefined
[2020-09-24 20:46:41.112] [exthost] [error] [ms-vscode.cpptools] provider FAILED
[2020-09-24 20:46:41.112] [exthost] [error] undefined
[2020-09-24 20:46:51.555] [exthost] [error] [ms-vscode.cpptools] provider FAILED
[2020-09-24 20:46:51.555] [exthost] [error] undefined
[2020-09-24 20:47:13.725] [exthost] [error] [ms-vscode.cpptools] provider FAILED
[2020-09-24 20:47:13.725] [exthost] [error] undefined
[2020-09-24 20:47:22.783] [exthost] [error] [ms-vscode.cpptools] provider FAILED
[2020-09-24 20:47:22.783] [exthost] [error] undefined
[2020-09-24 20:47:30.230] [exthost] [error] [ms-vscode.cpptools] provider FAILED
[2020-09-24 20:47:30.231] [exthost] [error] undefined
[2020-09-24 20:47:36.199] [exthost] [error] [ms-vscode.cpptools] provider FAILED
[2020-09-24 20:47:36.199] [exthost] [error] undefined
[2020-09-24 20:47:45.361] [exthost] [error] [ms-vscode.cpptools] provider FAILED
[2020-09-24 20:47:45.361] [exthost] [error] undefined
[2020-09-24 20:47:49.002] [exthost] [error] [ms-vscode.cpptools] provider FAILED
[2020-09-24 20:47:49.002] [exthost] [error] undefined
[2020-09-24 20:48:01.572] [exthost] [error] [ms-vscode.cpptools] provider FAILED
[2020-09-24 20:48:01.572] [exthost] [error] undefined
[2020-09-24 20:48:06.033] [exthost] [error] [ms-vscode.cpptools] provider FAILED
[2020-09-24 20:48:06.033] [exthost] [error] undefined
[2020-09-24 20:48:29.195] [exthost] [error] [ms-vscode.cpptools] provider FAILED
[2020-09-24 20:48:29.195] [exthost] [error] undefined
[2020-09-24 20:48:35.475] [exthost] [error] [ms-vscode.cpptools] provider FAILED
[2020-09-24 20:48:35.475] [exthost] [error] undefined
[2020-09-24 20:48:46.119] [exthost] [error] [ms-vscode.cpptools] provider FAILED
[2020-09-24 20:48:46.119] [exthost] [error] undefined
[2020-09-24 20:48:59.002] [exthost] [error] [ms-vscode.cpptools] provider FAILED
[2020-09-24 20:48:59.002] [exthost] [error] undefined
[2020-09-24 20:49:07.430] [exthost] [error] [ms-vscode.cpptools] provider FAILED
[2020-09-24 20:49:07.430] [exthost] [error] undefined
[2020-09-24 20:49:11.390] [exthost] [error] [ms-vscode.cpptools] provider FAILED
[2020-09-24 20:49:11.391] [exthost] [error] undefined
[2020-09-24 20:49:20.188] [exthost] [error] [ms-vscode.cpptools] provider FAILED
[2020-09-24 20:49:20.188] [exthost] [error] undefined
[2020-09-24 20:49:32.721] [exthost] [error] [ms-vscode.cpptools] provider FAILED
[2020-09-24 20:49:32.722] [exthost] [error] undefined
[2020-09-24 20:55:56.070] [exthost] [error] [ms-vscode.cpptools] provider FAILED
[2020-09-24 20:55:56.071] [exthost] [error] undefined
[2020-09-24 20:58:43.598] [exthost] [error] [ms-vscode.cpptools] provider FAILED
[2020-09-24 20:58:43.598] [exthost] [error] undefined
[2020-09-24 20:59:06.483] [exthost] [error] [ms-vscode.cpptools] provider FAILED
[2020-09-24 20:59:06.483] [exthost] [error] undefined
[2020-09-24 21:06:45.488] [exthost] [error] [ms-vscode.cpptools] provider FAILED
[2020-09-24 21:06:45.488] [exthost] [error] undefined
[2020-09-24 21:06:47.700] [exthost] [error] [ms-vscode.cpptools] provider FAILED
[2020-09-24 21:06:47.700] [exthost] [error] undefined
[2020-09-24 21:07:20.155] [exthost] [error] [ms-vscode.cpptools] provider FAILED
[2020-09-24 21:07:20.155] [exthost] [error] undefined
[2020-09-24 21:07:24.231] [exthost] [error] [ms-vscode.cpptools] provider FAILED
[2020-09-24 21:07:24.231] [exthost] [error] undefined
[2020-09-24 21:07:32.653] [exthost] [error] [ms-vscode.cpptools] provider FAILED
[2020-09-24 21:07:32.653] [exthost] [error] undefined
[2020-09-24 21:08:06.605] [exthost] [error] [ms-vscode.cpptools] provider FAILED
[2020-09-24 21:08:06.606] [exthost] [error] undefined
[2020-09-24 21:08:12.449] [exthost] [error] [ms-vscode.cpptools] provider FAILED
[2020-09-24 21:08:12.449] [exthost] [error] undefined
[2020-09-24 21:08:21.198] [exthost] [error] [ms-vscode.cpptools] provider FAILED
[2020-09-24 21:08:21.198] [exthost] [error] undefined
[2020-09-24 21:08:28.541] [exthost] [error] [ms-vscode.cpptools] provider FAILED
[2020-09-24 21:08:28.541] [exthost] [error] undefined
[2020-09-24 21:08:46.016] [exthost] [error] [ms-vscode.cpptools] provider FAILED
[2020-09-24 21:08:46.017] [exthost] [error] undefined
[2020-09-24 21:08:51.809] [exthost] [error] [ms-vscode.cpptools] provider FAILED
[2020-09-24 21:08:51.809] [exthost] [error] undefined
[2020-09-24 21:09:17.870] [exthost] [error] [ms-vscode.cpptools] provider FAILED
[2020-09-24 21:09:17.870] [exthost] [error] undefined
[2020-09-24 21:12:01.570] [exthost] [error] [ms-vscode.cpptools] provider FAILED
[2020-09-24 21:12:01.571] [exthost] [error] undefined
[2020-09-24 21:13:21.366] [exthost] [error] [ms-vscode.cpptools] provider FAILED
[2020-09-24 21:13:21.366] [exthost] [error] undefined
[2020-09-24 21:13:26.234] [exthost] [error] [ms-vscode.cpptools] provider FAILED
[2020-09-24 21:13:26.234] [exthost] [error] undefined
[2020-09-24 21:13:28.336] [exthost] [error] [ms-vscode.cpptools] provider FAILED
[2020-09-24 21:13:28.336] [exthost] [error] undefined
[2020-09-24 21:13:41.003] [exthost] [error] [ms-vscode.cpptools] provider FAILED
[2020-09-24 21:13:41.003] [exthost] [error] undefined
