[2020-09-21 03:00:32.091] [exthost] [info] extension host started
[2020-09-21 03:00:32.608] [exthost] [info] ExtensionService#_doActivateExtension vscode.debug-auto-launch {"startup":true,"extensionId":{"value":"vscode.debug-auto-launch","_lower":"vscode.debug-auto-launch"},"activationEvent":"*"}
[2020-09-21 03:00:32.609] [exthost] [info] ExtensionService#loadCommonJSModule file:///home/vagrant/.vscode-server/bin/58bb7b2331731bf72587010e943852e13e6fd3cf/extensions/debug-auto-launch/dist/extension
[2020-09-21 03:00:32.618] [exthost] [info] ExtensionService#_doActivateExtension vscode.emmet {"startup":true,"extensionId":{"value":"vscode.emmet","_lower":"vscode.emmet"},"activationEvent":"*"}
[2020-09-21 03:00:32.619] [exthost] [info] ExtensionService#loadCommonJSModule file:///home/vagrant/.vscode-server/bin/58bb7b2331731bf72587010e943852e13e6fd3cf/extensions/emmet/dist/node/emmetNodeMain
[2020-09-21 03:00:32.697] [exthost] [info] ExtensionService#_doActivateExtension vscode.git {"startup":true,"extensionId":{"value":"vscode.github","_lower":"vscode.github"},"activationEvent":"*"}
[2020-09-21 03:00:32.697] [exthost] [info] ExtensionService#loadCommonJSModule file:///home/vagrant/.vscode-server/bin/58bb7b2331731bf72587010e943852e13e6fd3cf/extensions/git/dist/main
[2020-09-21 03:00:32.847] [exthost] [info] ExtensionService#_doActivateExtension vscode.merge-conflict {"startup":true,"extensionId":{"value":"vscode.merge-conflict","_lower":"vscode.merge-conflict"},"activationEvent":"*"}
[2020-09-21 03:00:32.847] [exthost] [info] ExtensionService#loadCommonJSModule file:///home/vagrant/.vscode-server/bin/58bb7b2331731bf72587010e943852e13e6fd3cf/extensions/merge-conflict/dist/mergeConflictMain
[2020-09-21 03:00:32.855] [exthost] [info] ExtensionService#_doActivateExtension vscode.search-result {"startup":true,"extensionId":{"value":"vscode.search-result","_lower":"vscode.search-result"},"activationEvent":"*"}
[2020-09-21 03:00:32.856] [exthost] [info] ExtensionService#loadCommonJSModule file:///home/vagrant/.vscode-server/bin/58bb7b2331731bf72587010e943852e13e6fd3cf/extensions/search-result/dist/extension.js
[2020-09-21 03:00:33.988] [exthost] [info] ExtensionService#_doActivateExtension vscode.configuration-editing {"startup":false,"extensionId":{"value":"vscode.configuration-editing","_lower":"vscode.configuration-editing"},"activationEvent":"onLanguage:jsonc"}
[2020-09-21 03:00:33.989] [exthost] [info] ExtensionService#loadCommonJSModule file:///home/vagrant/.vscode-server/bin/58bb7b2331731bf72587010e943852e13e6fd3cf/extensions/configuration-editing/dist/configurationEditingMain
[2020-09-21 03:00:34.000] [exthost] [info] ExtensionService#_doActivateExtension vscode.json-language-features {"startup":false,"extensionId":{"value":"vscode.json-language-features","_lower":"vscode.json-language-features"},"activationEvent":"onLanguage:jsonc"}
[2020-09-21 03:00:34.000] [exthost] [info] ExtensionService#loadCommonJSModule file:///home/vagrant/.vscode-server/bin/58bb7b2331731bf72587010e943852e13e6fd3cf/extensions/json-language-features/client/dist/node/jsonClientMain
[2020-09-21 03:00:34.262] [exthost] [info] ExtensionService#_doActivateExtension vscode.typescript-language-features {"startup":false,"extensionId":{"value":"vscode.typescript-language-features","_lower":"vscode.typescript-language-features"},"activationEvent":"onLanguage:jsonc"}
[2020-09-21 03:00:34.262] [exthost] [info] ExtensionService#loadCommonJSModule file:///home/vagrant/.vscode-server/bin/58bb7b2331731bf72587010e943852e13e6fd3cf/extensions/typescript-language-features/dist/extension
[2020-09-21 03:00:34.771] [exthost] [info] ExtensionService#_doActivateExtension vscode.github {"startup":true,"extensionId":{"value":"vscode.github","_lower":"vscode.github"},"activationEvent":"*"}
[2020-09-21 03:00:34.771] [exthost] [info] ExtensionService#loadCommonJSModule file:///home/vagrant/.vscode-server/bin/58bb7b2331731bf72587010e943852e13e6fd3cf/extensions/github/dist/extension.js
[2020-09-21 03:00:35.132] [exthost] [info] eager extensions activated
[2020-09-21 03:00:57.575] [exthost] [info] ExtensionService#_doActivateExtension vscode.extension-editing {"startup":false,"extensionId":{"value":"vscode.extension-editing","_lower":"vscode.extension-editing"},"activationEvent":"onLanguage:json"}
[2020-09-21 03:00:57.576] [exthost] [info] ExtensionService#loadCommonJSModule file:///home/vagrant/.vscode-server/bin/58bb7b2331731bf72587010e943852e13e6fd3cf/extensions/extension-editing/dist/extensionEditingMain
[2020-09-21 03:00:57.600] [exthost] [info] ExtensionService#_doActivateExtension ms-vscode.js-debug {"startup":false,"extensionId":{"value":"ms-vscode.js-debug","_lower":"ms-vscode.js-debug"},"activationEvent":"onLanguage:json"}
[2020-09-21 03:00:57.600] [exthost] [info] ExtensionService#loadCommonJSModule file:///home/vagrant/.vscode-server/bin/58bb7b2331731bf72587010e943852e13e6fd3cf/extensions/ms-vscode.js-debug/src/extension.js
[2020-09-21 03:00:58.324] [exthost] [info] ExtensionService#_doActivateExtension vscode.npm {"startup":false,"extensionId":{"value":"vscode.npm","_lower":"vscode.npm"},"activationEvent":"onLanguage:json"}
[2020-09-21 03:00:58.324] [exthost] [info] ExtensionService#loadCommonJSModule file:///home/vagrant/.vscode-server/bin/58bb7b2331731bf72587010e943852e13e6fd3cf/extensions/npm/dist/npmMain
