Looking for git in: git
Using git 1.9.1 from git
> git rev-parse --git-dir
Open repository: /home/vagrant/holbertonschool-low_level_programming
> git status -z -u
> git symbolic-ref --short HEAD
> git rev-parse master
> git rev-parse --symbolic-full-name master@{u}
> git rev-list --left-right master...refs/remotes/origin/master
> git for-each-ref --sort -committerdate --format %(refname) %(objectname)
> git remote --verbose
> git config --get commit.template
> git check-ignore -v -z --stdin
> git show --textconv :0x03-debugging/3-main_b.c
> git ls-files --stage -- /home/vagrant/holbertonschool-low_level_programming/0x03-debugging/3-main_b.c
> git cat-file -s 741830c313c568f26b345f8a4771aba39b2418de
> git show --textconv :0x03-debugging/3-convert_day.c
> git ls-files --stage -- /home/vagrant/holbertonschool-low_level_programming/0x03-debugging/3-convert_day.c
> git cat-file -s c71505b12599f7c6b13f6fd2a6d87469f51225d7
> git show --textconv :0x03-debugging/2-largest_number.c
> git ls-files --stage -- /home/vagrant/holbertonschool-low_level_programming/0x03-debugging/2-largest_number.c
> git cat-file -s eb35d5e7db8269b712566220d46de3ae49d3662a
