[2020-09-24 21:50:55.757] [exthost] [info] extension host started
[2020-09-24 21:50:56.068] [exthost] [info] ExtensionService#_doActivateExtension vscode.configuration-editing {"startup":false,"extensionId":{"value":"vscode.configuration-editing","_lower":"vscode.configuration-editing"},"activationEvent":"onLanguage:jsonc"}
[2020-09-24 21:50:56.069] [exthost] [info] ExtensionService#loadCommonJSModule file:///home/vagrant/.vscode-server/bin/58bb7b2331731bf72587010e943852e13e6fd3cf/extensions/configuration-editing/dist/configurationEditingMain
[2020-09-24 21:50:56.098] [exthost] [info] ExtensionService#_doActivateExtension vscode.json-language-features {"startup":false,"extensionId":{"value":"vscode.json-language-features","_lower":"vscode.json-language-features"},"activationEvent":"onLanguage:jsonc"}
[2020-09-24 21:50:56.098] [exthost] [info] ExtensionService#loadCommonJSModule file:///home/vagrant/.vscode-server/bin/58bb7b2331731bf72587010e943852e13e6fd3cf/extensions/json-language-features/client/dist/node/jsonClientMain
[2020-09-24 21:50:56.232] [exthost] [info] ExtensionService#_doActivateExtension vscode.typescript-language-features {"startup":false,"extensionId":{"value":"vscode.typescript-language-features","_lower":"vscode.typescript-language-features"},"activationEvent":"onLanguage:jsonc"}
[2020-09-24 21:50:56.232] [exthost] [info] ExtensionService#loadCommonJSModule file:///home/vagrant/.vscode-server/bin/58bb7b2331731bf72587010e943852e13e6fd3cf/extensions/typescript-language-features/dist/extension
[2020-09-24 21:50:56.321] [exthost] [info] ExtensionService#_doActivateExtension vscode.debug-auto-launch {"startup":true,"extensionId":{"value":"vscode.debug-auto-launch","_lower":"vscode.debug-auto-launch"},"activationEvent":"*"}
[2020-09-24 21:50:56.321] [exthost] [info] ExtensionService#loadCommonJSModule file:///home/vagrant/.vscode-server/bin/58bb7b2331731bf72587010e943852e13e6fd3cf/extensions/debug-auto-launch/dist/extension
[2020-09-24 21:50:56.327] [exthost] [info] ExtensionService#_doActivateExtension vscode.emmet {"startup":true,"extensionId":{"value":"vscode.emmet","_lower":"vscode.emmet"},"activationEvent":"*"}
[2020-09-24 21:50:56.327] [exthost] [info] ExtensionService#loadCommonJSModule file:///home/vagrant/.vscode-server/bin/58bb7b2331731bf72587010e943852e13e6fd3cf/extensions/emmet/dist/node/emmetNodeMain
[2020-09-24 21:50:56.387] [exthost] [info] ExtensionService#_doActivateExtension vscode.git {"startup":true,"extensionId":{"value":"vscode.github","_lower":"vscode.github"},"activationEvent":"*"}
[2020-09-24 21:50:56.388] [exthost] [info] ExtensionService#loadCommonJSModule file:///home/vagrant/.vscode-server/bin/58bb7b2331731bf72587010e943852e13e6fd3cf/extensions/git/dist/main
[2020-09-24 21:50:56.704] [exthost] [info] ExtensionService#_doActivateExtension vscode.merge-conflict {"startup":true,"extensionId":{"value":"vscode.merge-conflict","_lower":"vscode.merge-conflict"},"activationEvent":"*"}
[2020-09-24 21:50:56.705] [exthost] [info] ExtensionService#loadCommonJSModule file:///home/vagrant/.vscode-server/bin/58bb7b2331731bf72587010e943852e13e6fd3cf/extensions/merge-conflict/dist/mergeConflictMain
[2020-09-24 21:50:56.721] [exthost] [info] ExtensionService#_doActivateExtension vscode.search-result {"startup":true,"extensionId":{"value":"vscode.search-result","_lower":"vscode.search-result"},"activationEvent":"*"}
[2020-09-24 21:50:56.722] [exthost] [info] ExtensionService#loadCommonJSModule file:///home/vagrant/.vscode-server/bin/58bb7b2331731bf72587010e943852e13e6fd3cf/extensions/search-result/dist/extension.js
[2020-09-24 21:50:57.224] [exthost] [info] ExtensionService#_doActivateExtension vscode.github {"startup":true,"extensionId":{"value":"vscode.github","_lower":"vscode.github"},"activationEvent":"*"}
[2020-09-24 21:50:57.224] [exthost] [info] ExtensionService#loadCommonJSModule file:///home/vagrant/.vscode-server/bin/58bb7b2331731bf72587010e943852e13e6fd3cf/extensions/github/dist/extension.js
[2020-09-24 21:50:57.573] [exthost] [info] eager extensions activated
[2020-09-24 21:51:05.553] [exthost] [info] ExtensionService#_doActivateExtension ms-vscode.cpptools {"startup":false,"extensionId":{"value":"ms-vscode.cpptools","_lower":"ms-vscode.cpptools"},"activationEvent":"onLanguage:c"}
[2020-09-24 21:51:05.553] [exthost] [info] ExtensionService#loadCommonJSModule file:///home/vagrant/.vscode-server/extensions/ms-vscode.cpptools-1.0.1/dist/main
[2020-09-24 21:51:49.984] [exthost] [error] [ms-vscode.cpptools] provider FAILED
[2020-09-24 21:51:49.984] [exthost] [error] undefined
[2020-09-24 21:51:55.800] [exthost] [error] [ms-vscode.cpptools] provider FAILED
[2020-09-24 21:51:55.800] [exthost] [error] undefined
[2020-09-24 21:51:59.849] [exthost] [error] [ms-vscode.cpptools] provider FAILED
[2020-09-24 21:51:59.849] [exthost] [error] undefined
[2020-09-24 21:52:01.869] [exthost] [error] [ms-vscode.cpptools] provider FAILED
[2020-09-24 21:52:01.869] [exthost] [error] undefined
[2020-09-24 21:52:03.995] [exthost] [error] [ms-vscode.cpptools] provider FAILED
[2020-09-24 21:52:03.996] [exthost] [error] undefined
[2020-09-24 21:52:24.647] [exthost] [error] [ms-vscode.cpptools] provider FAILED
[2020-09-24 21:52:24.647] [exthost] [error] undefined
[2020-09-24 21:52:33.179] [exthost] [error] [ms-vscode.cpptools] provider FAILED
[2020-09-24 21:52:33.179] [exthost] [error] undefined
[2020-09-24 21:52:49.984] [exthost] [error] [ms-vscode.cpptools] provider FAILED
[2020-09-24 21:52:49.984] [exthost] [error] undefined
[2020-09-24 21:52:56.522] [exthost] [error] [ms-vscode.cpptools] provider FAILED
[2020-09-24 21:52:56.522] [exthost] [error] undefined
[2020-09-24 21:53:00.503] [exthost] [error] [ms-vscode.cpptools] provider FAILED
[2020-09-24 21:53:00.503] [exthost] [error] undefined
[2020-09-24 21:53:13.112] [exthost] [error] [ms-vscode.cpptools] provider FAILED
[2020-09-24 21:53:13.112] [exthost] [error] undefined
[2020-09-24 21:53:38.534] [exthost] [error] [ms-vscode.cpptools] provider FAILED
[2020-09-24 21:53:38.535] [exthost] [error] undefined
[2020-09-24 21:53:50.657] [exthost] [error] [ms-vscode.cpptools] provider FAILED
[2020-09-24 21:53:50.657] [exthost] [error] undefined
[2020-09-24 21:54:02.522] [exthost] [error] [ms-vscode.cpptools] provider FAILED
[2020-09-24 21:54:02.522] [exthost] [error] undefined
[2020-09-24 21:54:10.386] [exthost] [error] [ms-vscode.cpptools] provider FAILED
[2020-09-24 21:54:10.387] [exthost] [error] undefined
[2020-09-24 21:54:18.530] [exthost] [error] [ms-vscode.cpptools] provider FAILED
[2020-09-24 21:54:18.531] [exthost] [error] undefined
[2020-09-24 21:54:25.509] [exthost] [error] [ms-vscode.cpptools] provider FAILED
[2020-09-24 21:54:25.509] [exthost] [error] undefined
[2020-09-24 21:54:32.768] [exthost] [error] [ms-vscode.cpptools] provider FAILED
[2020-09-24 21:54:32.768] [exthost] [error] undefined
[2020-09-24 21:55:00.511] [exthost] [error] [ms-vscode.cpptools] provider FAILED
[2020-09-24 21:55:00.512] [exthost] [error] undefined
[2020-09-24 21:55:15.876] [exthost] [error] [ms-vscode.cpptools] provider FAILED
[2020-09-24 21:55:15.876] [exthost] [error] undefined
[2020-09-24 21:55:31.661] [exthost] [error] [ms-vscode.cpptools] provider FAILED
[2020-09-24 21:55:31.661] [exthost] [error] undefined
[2020-09-24 21:55:39.942] [exthost] [error] [ms-vscode.cpptools] provider FAILED
[2020-09-24 21:55:39.942] [exthost] [error] undefined
[2020-09-24 21:55:44.174] [exthost] [error] [ms-vscode.cpptools] provider FAILED
[2020-09-24 21:55:44.174] [exthost] [error] undefined
[2020-09-24 21:55:58.914] [exthost] [error] [ms-vscode.cpptools] provider FAILED
[2020-09-24 21:55:58.914] [exthost] [error] undefined
[2020-09-24 21:56:04.753] [exthost] [error] [ms-vscode.cpptools] provider FAILED
[2020-09-24 21:56:04.754] [exthost] [error] undefined
[2020-09-24 21:56:34.755] [exthost] [error] [ms-vscode.cpptools] provider FAILED
[2020-09-24 21:56:34.755] [exthost] [error] undefined
[2020-09-24 21:56:42.265] [exthost] [error] [ms-vscode.cpptools] provider FAILED
[2020-09-24 21:56:42.265] [exthost] [error] undefined
[2020-09-24 21:56:54.761] [exthost] [error] [ms-vscode.cpptools] provider FAILED
[2020-09-24 21:56:54.762] [exthost] [error] undefined
[2020-09-24 21:57:02.748] [exthost] [error] [ms-vscode.cpptools] provider FAILED
[2020-09-24 21:57:02.748] [exthost] [error] undefined
[2020-09-24 21:57:11.423] [exthost] [error] [ms-vscode.cpptools] provider FAILED
[2020-09-24 21:57:11.423] [exthost] [error] undefined
[2020-09-24 21:57:22.840] [exthost] [error] [ms-vscode.cpptools] provider FAILED
[2020-09-24 21:57:22.840] [exthost] [error] undefined
[2020-09-24 21:57:42.168] [exthost] [error] [ms-vscode.cpptools] provider FAILED
[2020-09-24 21:57:42.169] [exthost] [error] undefined
[2020-09-24 21:57:50.559] [exthost] [error] [ms-vscode.cpptools] provider FAILED
[2020-09-24 21:57:50.559] [exthost] [error] undefined
[2020-09-24 21:58:32.047] [exthost] [error] [ms-vscode.cpptools] provider FAILED
[2020-09-24 21:58:32.047] [exthost] [error] undefined
[2020-09-24 22:00:06.869] [exthost] [warning] ms-vscode.cpptools - Code actions of kind 'quickfix 'requested but returned code action does not have a 'kind'. Code action will be dropped. Please set 'CodeAction.kind'.
[2020-09-24 22:00:06.869] [exthost] [warning] ms-vscode.cpptools - Code actions of kind 'quickfix 'requested but returned code action does not have a 'kind'. Code action will be dropped. Please set 'CodeAction.kind'.
[2020-09-24 22:00:53.646] [exthost] [warning] ms-vscode.cpptools - Code actions of kind 'quickfix 'requested but returned code action does not have a 'kind'. Code action will be dropped. Please set 'CodeAction.kind'.
[2020-09-24 22:00:53.646] [exthost] [warning] ms-vscode.cpptools - Code actions of kind 'quickfix 'requested but returned code action does not have a 'kind'. Code action will be dropped. Please set 'CodeAction.kind'.
[2020-09-24 22:00:59.789] [exthost] [error] [ms-vscode.cpptools] provider FAILED
[2020-09-24 22:00:59.789] [exthost] [error] undefined
[2020-09-24 22:00:59.906] [exthost] [warning] ms-vscode.cpptools - Code actions of kind 'quickfix 'requested but returned code action does not have a 'kind'. Code action will be dropped. Please set 'CodeAction.kind'.
[2020-09-24 22:00:59.906] [exthost] [warning] ms-vscode.cpptools - Code actions of kind 'quickfix 'requested but returned code action does not have a 'kind'. Code action will be dropped. Please set 'CodeAction.kind'.
[2020-09-24 22:01:14.090] [exthost] [error] [ms-vscode.cpptools] provider FAILED
[2020-09-24 22:01:14.090] [exthost] [error] undefined
[2020-09-24 22:16:54.022] [exthost] [info] ExtensionService#_doActivateExtension vscode.extension-editing {"startup":false,"extensionId":{"value":"vscode.extension-editing","_lower":"vscode.extension-editing"},"activationEvent":"onLanguage:markdown"}
[2020-09-24 22:16:54.023] [exthost] [info] ExtensionService#loadCommonJSModule file:///home/vagrant/.vscode-server/bin/58bb7b2331731bf72587010e943852e13e6fd3cf/extensions/extension-editing/dist/extensionEditingMain
[2020-09-24 22:16:54.065] [exthost] [info] ExtensionService#_doActivateExtension vscode.markdown-language-features {"startup":false,"extensionId":{"value":"vscode.markdown-language-features","_lower":"vscode.markdown-language-features"},"activationEvent":"onLanguage:markdown"}
[2020-09-24 22:16:54.065] [exthost] [info] ExtensionService#loadCommonJSModule file:///home/vagrant/.vscode-server/bin/58bb7b2331731bf72587010e943852e13e6fd3cf/extensions/markdown-language-features/dist/extension
